{
  "stats": {
    "suites": 14,
    "tests": 39,
    "passes": 27,
    "pending": 0,
    "failures": 12,
    "start": "2025-11-22T20:02:41.156Z",
    "end": "2025-11-22T20:02:47.197Z",
    "duration": 6041,
    "testsRegistered": 39,
    "passPercent": 69.23076923076923,
    "pendingPercent": 0,
    "other": 0,
    "hasOther": false,
    "skipped": 0,
    "hasSkipped": false
  },
  "results": [
    {
      "uuid": "b2339900-d099-405f-a157-14d5365f255f",
      "title": "",
      "fullFile": "",
      "file": "",
      "beforeHooks": [],
      "afterHooks": [],
      "tests": [],
      "suites": [
        {
          "uuid": "6f5b2344-df12-4830-8466-87505476eb52",
          "title": "LOGIN User",
          "fullFile": "D:\\VSProjects\\autoTest\\QA-Automation\\tests\\loginUser\\01_loginUser.test.js",
          "file": "\\tests\\loginUser\\01_loginUser.test.js",
          "beforeHooks": [
            {
              "title": "\"before all\" hook in \"LOGIN User\"",
              "fullTitle": "LOGIN User \"before all\" hook in \"LOGIN User\"",
              "timedOut": false,
              "duration": 314,
              "state": null,
              "speed": null,
              "pass": false,
              "fail": false,
              "pending": false,
              "context": null,
              "code": "user = UserOfDummyJson();\nres = await requestUsers\n\t.post('/login')\n\t.set('Accept', 'application/json')\n\t.send(user);\n// console.log('Response:', res.body);",
              "err": {},
              "uuid": "04b97f88-e670-47d3-bd87-d6530fa76033",
              "parentUUID": "6f5b2344-df12-4830-8466-87505476eb52",
              "isHook": true,
              "skipped": false
            }
          ],
          "afterHooks": [],
          "tests": [
            {
              "title": "1.1 → login user -> status must be 200",
              "fullTitle": "LOGIN User 1.1 → login user -> status must be 200",
              "timedOut": false,
              "duration": 0,
              "state": "passed",
              "speed": "fast",
              "pass": true,
              "fail": false,
              "pending": false,
              "context": null,
              "code": "expect(res.status).to.equal(200);",
              "err": {},
              "uuid": "247370d6-9365-4ba6-aa18-501f0687027a",
              "parentUUID": "6f5b2344-df12-4830-8466-87505476eb52",
              "isHook": false,
              "skipped": false
            },
            {
              "title": "1.2 → Response must include username and tokens",
              "fullTitle": "LOGIN User 1.2 → Response must include username and tokens",
              "timedOut": false,
              "duration": 1,
              "state": "passed",
              "speed": "fast",
              "pass": true,
              "fail": false,
              "pending": false,
              "context": null,
              "code": "expect(res.body).to.include({\n\tusername: 'emilys',\n\temail: 'emily.johnson@x.dummyjson.com',\n\tfirstName: 'Emily',\n\tlastName: 'Johnson',\n\tgender: 'female',\n});\nexpect(res.body).to.have.property('accessToken').that.is.a('string');\nexpect(res.body).to.have.property('refreshToken').that.is.a('string');",
              "err": {},
              "uuid": "61390f72-a2c6-45dc-b3cb-7e3755404722",
              "parentUUID": "6f5b2344-df12-4830-8466-87505476eb52",
              "isHook": false,
              "skipped": false
            }
          ],
          "suites": [],
          "passes": [
            "247370d6-9365-4ba6-aa18-501f0687027a",
            "61390f72-a2c6-45dc-b3cb-7e3755404722"
          ],
          "failures": [],
          "pending": [],
          "skipped": [],
          "duration": 1,
          "root": false,
          "rootEmpty": false,
          "_timeout": 10000
        },
        {
          "uuid": "ff306e7e-3c13-43b6-b0dc-f386f2732e68",
          "title": "Current user",
          "fullFile": "D:\\VSProjects\\autoTest\\QA-Automation\\tests\\loginUser\\02_GetCurrentUser.test.js",
          "file": "\\tests\\loginUser\\02_GetCurrentUser.test.js",
          "beforeHooks": [],
          "afterHooks": [],
          "tests": [
            {
              "title": "1.3 → Must be logged user with OWN JWT",
              "fullTitle": "Current user 1.3 → Must be logged user with OWN JWT",
              "timedOut": false,
              "duration": 205,
              "state": "failed",
              "speed": null,
              "pass": false,
              "fail": true,
              "pending": false,
              "context": null,
              "code": "// Declare res before using it\nconst res = await requestUsers\n\t.get('/me')\n\t.set('Accept', 'application/json')\n\t.set(\n\t\t'Authorization',\n\t\t'Bearer eyJhbGciOiJIUzI1NiIsInR5cCI6IkpXVCJ9.eyJpZCI6MSwidXNlcm5hbWUiOiJlbWlseXMiLCJlbWFpbCI6ImVtaWx5LmpvaG5zb25AeC5kdW1teWpzb24uY29tIiwiZmlyc3ROYW1lIjoiRW1pbHkiLCJsYXN0TmFtZSI6IkpvaG5zb24iLCJnZW5kZXIiOiJmZW1hbGUiLCJpbWFnZSI6Imh0dHBzOi8vZHVtbXlqc29uLmNvbS9pY29uL2VtaWx5cy8xMjgiLCJpYXQiOjE3NTk4NDcxMjQsImV4cCI6MTc1OTg0ODkyNH0.HGZaL_YaNoKjGnfjeS_EJcn0ZnRXh5tThm-2G3mPhAA'\n\t);\nconsole.log(res.body);\nexpect(res.status).to.equal(200);\nexpect(res.body).to.have.property('username').that.is.a('string');\nexpect(res.body).to.have.property('email').that.is.a('string');\nexpect(res.body).to.have.property('firstName');\nexpect(res.body).to.have.property('lastName');",
              "err": {
                "message": "AssertionError: expected 401 to equal 200",
                "estack": "AssertionError: expected 401 to equal 200\n    at Context.<anonymous> (file:///D:/VSProjects/autoTest/QA-Automation/tests/loginUser/02_GetCurrentUser.test.js:16:25)\n    at process.processTicksAndRejections (node:internal/process/task_queues:95:5)",
                "diff": "- 401\n+ 200\n"
              },
              "uuid": "536fa276-03eb-403f-8c30-c9adf6ca568a",
              "parentUUID": "ff306e7e-3c13-43b6-b0dc-f386f2732e68",
              "isHook": false,
              "skipped": false
            }
          ],
          "suites": [],
          "passes": [],
          "failures": [
            "536fa276-03eb-403f-8c30-c9adf6ca568a"
          ],
          "pending": [],
          "skipped": [],
          "duration": 205,
          "root": false,
          "rootEmpty": false,
          "_timeout": 10000
        },
        {
          "uuid": "a5e35b8d-1d21-4925-b179-ba99a7e3ebac",
          "title": "Delete user",
          "fullFile": "D:\\VSProjects\\autoTest\\QA-Automation\\tests\\loginUser\\03_deleteUser.test.js",
          "file": "\\tests\\loginUser\\03_deleteUser.test.js",
          "beforeHooks": [],
          "afterHooks": [],
          "tests": [
            {
              "title": "1.4 → Delete user by id",
              "fullTitle": "Delete user 1.4 → Delete user by id",
              "timedOut": false,
              "duration": 245,
              "state": "failed",
              "speed": null,
              "pass": false,
              "fail": true,
              "pending": false,
              "context": null,
              "code": "const res = await requestUsers\n\t.delete('/users/1')\n\t.set('Accept', 'application/json');\n// если тело не распарсилось автоматически\nlet body = res.body;\nif (!Object.keys(body).length && res.text) {\n\ttry {\n\t\tbody = JSON.parse(res.text);\n\t} catch {\n\t\tconsole.log('Ответ не в формате JSON:', res.text);\n\t}\n}\n// console.log('Ответ от API:', body);\n// Проверяем статус ответа\nexpect(res.status).to.equal(200);\n// DummyJSON возвращает объект удалённого пользователя\n// Пример ответа:\n// {\n//   \"id\": 1,\n//   \"firstName\": \"Terry\",\n//   \"lastName\": \"Medhurst\",\n//   \"age\": 50,\n//   \"gender\": \"male\",\n//   \"email\": \"atuny0@sohu.com\",\n//   \"username\": \"atuny0\",\n//   \"deletedOn\": \"2025-10-07T12:34:56.789Z\"\n// }\n// Проверяем, что id есть и равен 1\nexpect(body).to.have.property('id', 1);\n// Проверяем, что есть имя и фамилия\nexpect(body).to.have.property('firstName').that.is.a('string');\nexpect(body).to.have.property('lastName').that.is.a('string');\n// Проверяем, что появилось поле, указывающее на удаление (если есть)\nif (body.deletedOn) {\n\texpect(new Date(body.deletedOn)).to.be.a('date');\n}",
              "err": {
                "message": "AssertionError: expected 404 to equal 200",
                "estack": "AssertionError: expected 404 to equal 200\n    at Context.<anonymous> (file:///D:/VSProjects/autoTest/QA-Automation/tests/loginUser/03_deleteUser.test.js:25:25)\n    at process.processTicksAndRejections (node:internal/process/task_queues:95:5)",
                "diff": "- 404\n+ 200\n"
              },
              "uuid": "6e2f9dd9-9369-4944-bc02-f192204d8b00",
              "parentUUID": "a5e35b8d-1d21-4925-b179-ba99a7e3ebac",
              "isHook": false,
              "skipped": false
            }
          ],
          "suites": [],
          "passes": [],
          "failures": [
            "6e2f9dd9-9369-4944-bc02-f192204d8b00"
          ],
          "pending": [],
          "skipped": [],
          "duration": 245,
          "root": false,
          "rootEmpty": false,
          "_timeout": 10000
        },
        {
          "uuid": "ab3a2fae-089f-451a-a13e-c89caaf425a2",
          "title": "Post /pet/add - Add a new pet to the store",
          "fullFile": "D:\\VSProjects\\autoTest\\QA-Automation\\tests\\petsSwagger\\postPet.test.js",
          "file": "\\tests\\petsSwagger\\postPet.test.js",
          "beforeHooks": [],
          "afterHooks": [],
          "tests": [
            {
              "title": "should add a new pet and return status 200",
              "fullTitle": "Post /pet/add - Add a new pet to the store should add a new pet and return status 200",
              "timedOut": false,
              "duration": 1219,
              "state": "passed",
              "speed": "slow",
              "pass": true,
              "fail": false,
              "pending": false,
              "context": null,
              "code": "const responseAddPet = await fetch(\"https://petstore.swagger.io/v2/pet\", {\n    method: \"POST\",\n    headers: {\n        \"Content-Type\": \"application/json\"\n    },\n    body: JSON.stringify(newPet)\n});\nexpect(responseAddPet.status).to.equal(200);",
              "err": {},
              "uuid": "5ee9c016-944b-4579-a8f7-eb737b977d8f",
              "parentUUID": "ab3a2fae-089f-451a-a13e-c89caaf425a2",
              "isHook": false,
              "skipped": false
            }
          ],
          "suites": [],
          "passes": [
            "5ee9c016-944b-4579-a8f7-eb737b977d8f"
          ],
          "failures": [],
          "pending": [],
          "skipped": [],
          "duration": 1219,
          "root": false,
          "rootEmpty": false,
          "_timeout": 10000
        },
        {
          "uuid": "ec5f9f20-74e5-45f9-a2e9-8dc2be216c90",
          "title": "Product",
          "fullFile": "D:\\VSProjects\\autoTest\\QA-Automation\\tests\\products\\01_getOneProduct.test.js",
          "file": "\\tests\\products\\01_getOneProduct.test.js",
          "beforeHooks": [],
          "afterHooks": [],
          "tests": [
            {
              "title": "1.1 → Get product by ID (status 200)",
              "fullTitle": "Product 1.1 → Get product by ID (status 200)",
              "timedOut": false,
              "duration": 96,
              "state": "passed",
              "speed": "slow",
              "pass": true,
              "fail": false,
              "pending": false,
              "context": null,
              "code": "resProduct = await requestProducts\n\t.get('/1')\n\t.set('Accept', 'application/json');\nconsole.log('Status:', resProduct.status);\nexpect(resProduct.status).to.equal(200);",
              "err": {},
              "uuid": "69773cfd-f458-45bd-b662-5cd87011c157",
              "parentUUID": "ec5f9f20-74e5-45f9-a2e9-8dc2be216c90",
              "isHook": false,
              "skipped": false
            },
            {
              "title": "1.2 → Response should be an object",
              "fullTitle": "Product 1.2 → Response should be an object",
              "timedOut": false,
              "duration": 0,
              "state": "passed",
              "speed": "fast",
              "pass": true,
              "fail": false,
              "pending": false,
              "context": null,
              "code": "expect(resProduct.body).to.be.an('object');\nconsole.log('Body type:', typeof resProduct.body);",
              "err": {},
              "uuid": "ec2da57c-fd6a-4621-adeb-8cf73538cc32",
              "parentUUID": "ec5f9f20-74e5-45f9-a2e9-8dc2be216c90",
              "isHook": false,
              "skipped": false
            },
            {
              "title": "1.3 → Product should have correct ID",
              "fullTitle": "Product 1.3 → Product should have correct ID",
              "timedOut": false,
              "duration": 0,
              "state": "passed",
              "speed": "fast",
              "pass": true,
              "fail": false,
              "pending": false,
              "context": null,
              "code": "expect(resProduct.body).to.have.property('id', 1);",
              "err": {},
              "uuid": "b6c7515d-21b7-4ae5-8668-e50de9893652",
              "parentUUID": "ec5f9f20-74e5-45f9-a2e9-8dc2be216c90",
              "isHook": false,
              "skipped": false
            },
            {
              "title": "1.4 → Product should contain required fields",
              "fullTitle": "Product 1.4 → Product should contain required fields",
              "timedOut": false,
              "duration": 0,
              "state": "passed",
              "speed": "fast",
              "pass": true,
              "fail": false,
              "pending": false,
              "context": null,
              "code": "expect(resProduct.body).to.have.property('id').that.is.a('number');\nexpect(resProduct.body).to.have.property('title').that.is.a('string');\nexpect(resProduct.body).to.have.property('price').that.is.a('number');",
              "err": {},
              "uuid": "dbef308b-492c-4b26-833b-5a2f0fc7e66f",
              "parentUUID": "ec5f9f20-74e5-45f9-a2e9-8dc2be216c90",
              "isHook": false,
              "skipped": false
            }
          ],
          "suites": [],
          "passes": [
            "69773cfd-f458-45bd-b662-5cd87011c157",
            "ec2da57c-fd6a-4621-adeb-8cf73538cc32",
            "b6c7515d-21b7-4ae5-8668-e50de9893652",
            "dbef308b-492c-4b26-833b-5a2f0fc7e66f"
          ],
          "failures": [],
          "pending": [],
          "skipped": [],
          "duration": 96,
          "root": false,
          "rootEmpty": false,
          "_timeout": 10000
        },
        {
          "uuid": "a4982e4f-625e-4dee-bdea-91f5eba3199a",
          "title": "Product Search",
          "fullFile": "D:\\VSProjects\\autoTest\\QA-Automation\\tests\\products\\02_searchProduct.test.js",
          "file": "\\tests\\products\\02_searchProduct.test.js",
          "beforeHooks": [],
          "afterHooks": [],
          "tests": [
            {
              "title": "1.1 → Search products by keyword (status 200)",
              "fullTitle": "Product Search 1.1 → Search products by keyword (status 200)",
              "timedOut": false,
              "duration": 211,
              "state": "passed",
              "speed": "slow",
              "pass": true,
              "fail": false,
              "pending": false,
              "context": null,
              "code": "resSearch = await requestProducts\n\t.get('/search?q=phone')\n\t.set('Accept', 'application/json');\nconsole.log('Status:', resSearch.status);\nconsole.log(\n\t'body:',\n\tresSearch.body.products.map(p => p.title)\n);\nexpect(resSearch.status).to.equal(200);",
              "err": {},
              "uuid": "0eefc197-20e2-4296-8cdd-876dabd5c3a2",
              "parentUUID": "a4982e4f-625e-4dee-bdea-91f5eba3199a",
              "isHook": false,
              "skipped": false
            },
            {
              "title": "1.2 → Response should contain products array",
              "fullTitle": "Product Search 1.2 → Response should contain products array",
              "timedOut": false,
              "duration": 1,
              "state": "passed",
              "speed": "fast",
              "pass": true,
              "fail": false,
              "pending": false,
              "context": null,
              "code": "expect(resSearch.body).to.have.property('products').that.is.an('array');\nconsole.log('Products found:', resSearch.body.products.length);",
              "err": {},
              "uuid": "107eea8b-5719-4198-bd32-63c667757588",
              "parentUUID": "a4982e4f-625e-4dee-bdea-91f5eba3199a",
              "isHook": false,
              "skipped": false
            },
            {
              "title": "1.3 → Each product title should contain more then 3 length",
              "fullTitle": "Product Search 1.3 → Each product title should contain more then 3 length",
              "timedOut": false,
              "duration": 1,
              "state": "passed",
              "speed": "fast",
              "pass": true,
              "fail": false,
              "pending": false,
              "context": null,
              "code": "//const keyword = 'phone';\nresSearch.body.products.forEach(product => {\n\texpect(product).to.have.property('title');\n\texpect(product.title).to.be.a('string');\n\texpect(product.title.length).to.be.above(3);\n});",
              "err": {},
              "uuid": "6b372d56-e783-4da4-b01f-5c5154c3cdbd",
              "parentUUID": "a4982e4f-625e-4dee-bdea-91f5eba3199a",
              "isHook": false,
              "skipped": false
            },
            {
              "title": "1.4 products with index 3 title is Beats Flex Wireless Earphones",
              "fullTitle": "Product Search 1.4 products with index 3 title is Beats Flex Wireless Earphones",
              "timedOut": false,
              "duration": 0,
              "state": "passed",
              "speed": "fast",
              "pass": true,
              "fail": false,
              "pending": false,
              "context": null,
              "code": "expect(resSearch.body.products[3].title).to.equal(\n\t'Beats Flex Wireless Earphones'\n);",
              "err": {},
              "uuid": "95d7173b-de01-4449-b678-21c3d5f7a1c0",
              "parentUUID": "a4982e4f-625e-4dee-bdea-91f5eba3199a",
              "isHook": false,
              "skipped": false
            }
          ],
          "suites": [],
          "passes": [
            "0eefc197-20e2-4296-8cdd-876dabd5c3a2",
            "107eea8b-5719-4198-bd32-63c667757588",
            "6b372d56-e783-4da4-b01f-5c5154c3cdbd",
            "95d7173b-de01-4449-b678-21c3d5f7a1c0"
          ],
          "failures": [],
          "pending": [],
          "skipped": [],
          "duration": 213,
          "root": false,
          "rootEmpty": false,
          "_timeout": 10000
        },
        {
          "uuid": "c0070055-ecaf-44fa-b018-01ad3a9b4dc0",
          "title": "Sort products",
          "fullFile": "D:\\VSProjects\\autoTest\\QA-Automation\\tests\\products\\04_sortProducts.test.js",
          "file": "\\tests\\products\\04_sortProducts.test.js",
          "beforeHooks": [],
          "afterHooks": [],
          "tests": [
            {
              "title": "1.1 → Get products sorted by price ascending (status 200)",
              "fullTitle": "Sort products 1.1 → Get products sorted by price ascending (status 200)",
              "timedOut": false,
              "duration": 239,
              "state": "passed",
              "speed": "slow",
              "pass": true,
              "fail": false,
              "pending": false,
              "context": null,
              "code": "resAsc = await requestProducts\n\t.get('?sortBy=price&order=asc') // сортируем по price\n\t.set('Accept', 'application/json');\nconsole.log('Status:', resAsc.status);\nconsole.log('→ Products sorted ASC by price:');\nresAsc.body.products.forEach((p, index) => {\n\tconsole.log(`${index + 1}. ${p.title} — ${p.price}`);\n});",
              "err": {},
              "uuid": "9cced48d-5656-4005-96eb-63fa3ace7aae",
              "parentUUID": "c0070055-ecaf-44fa-b018-01ad3a9b4dc0",
              "isHook": false,
              "skipped": false
            }
          ],
          "suites": [],
          "passes": [
            "9cced48d-5656-4005-96eb-63fa3ace7aae"
          ],
          "failures": [],
          "pending": [],
          "skipped": [],
          "duration": 239,
          "root": false,
          "rootEmpty": false,
          "_timeout": 10000
        },
        {
          "uuid": "a0c96a40-80b3-4cd4-8c86-3c7b5c774343",
          "title": "5 Get all products categories",
          "fullFile": "D:\\VSProjects\\autoTest\\QA-Automation\\tests\\products\\05_GetAllProductsСategories.test.js",
          "file": "\\tests\\products\\05_GetAllProductsСategories.test.js",
          "beforeHooks": [],
          "afterHooks": [],
          "tests": [
            {
              "title": "5.1 should return all product categories with status 200",
              "fullTitle": "5 Get all products categories 5.1 should return all product categories with status 200",
              "timedOut": false,
              "duration": 244,
              "state": "passed",
              "speed": "slow",
              "pass": true,
              "fail": false,
              "pending": false,
              "context": null,
              "code": "const response = await requestProducts.get('/categories');\nconsole.log(response.body);\nexpect(response.status).to.equal(200);",
              "err": {},
              "uuid": "20564ba0-8023-4205-8787-56e33f003944",
              "parentUUID": "a0c96a40-80b3-4cd4-8c86-3c7b5c774343",
              "isHook": false,
              "skipped": false
            },
            {
              "title": "5.2 result should be an array with length greater than 0",
              "fullTitle": "5 Get all products categories 5.2 result should be an array with length greater than 0",
              "timedOut": false,
              "duration": 240,
              "state": "passed",
              "speed": "slow",
              "pass": true,
              "fail": false,
              "pending": false,
              "context": null,
              "code": "const res = await requestProducts.get('/categories');\nexpect(res.body).to.be.an('array').that.is.not.empty;",
              "err": {},
              "uuid": "9c5fc160-097a-4ebe-a4ec-0320fbb54a82",
              "parentUUID": "a0c96a40-80b3-4cd4-8c86-3c7b5c774343",
              "isHook": false,
              "skipped": false
            },
            {
              "title": "5.3 Array must include object with properly structure",
              "fullTitle": "5 Get all products categories 5.3 Array must include object with properly structure",
              "timedOut": false,
              "duration": 242,
              "state": "passed",
              "speed": "slow",
              "pass": true,
              "fail": false,
              "pending": false,
              "context": null,
              "code": "const res = await requestProducts.get('/categories');\nexpect(res.status).to.equal(200);\nexpect(Array.isArray(res.body)).to.be.true;\nres.body.forEach(item => {\n\tconsole.log(item);\n\texpect(item).to.be.an('object');\n\texpect(item).to.have.property('slug').that.is.a('string');\n\texpect(item).to.have.property('name').that.is.a('string');\n\texpect(item).to.have.property('url').that.is.a('string');\n});",
              "err": {},
              "uuid": "4e54e5c1-d31e-42e1-8c42-00f16359e53c",
              "parentUUID": "a0c96a40-80b3-4cd4-8c86-3c7b5c774343",
              "isHook": false,
              "skipped": false
            }
          ],
          "suites": [],
          "passes": [
            "20564ba0-8023-4205-8787-56e33f003944",
            "9c5fc160-097a-4ebe-a4ec-0320fbb54a82",
            "4e54e5c1-d31e-42e1-8c42-00f16359e53c"
          ],
          "failures": [],
          "pending": [],
          "skipped": [],
          "duration": 726,
          "root": false,
          "rootEmpty": false,
          "_timeout": 10000
        },
        {
          "uuid": "a94b369e-fbff-464b-9078-225f7ba0cd73",
          "title": "6 Get products by category",
          "fullFile": "D:\\VSProjects\\autoTest\\QA-Automation\\tests\\products\\06_GetProductsCategoryList.test.js",
          "file": "\\tests\\products\\06_GetProductsCategoryList.test.js",
          "beforeHooks": [],
          "afterHooks": [],
          "tests": [
            {
              "title": "6.1 should return list of categories with status 200",
              "fullTitle": "6 Get products by category 6.1 should return list of categories with status 200",
              "timedOut": false,
              "duration": 505,
              "state": "failed",
              "speed": null,
              "pass": false,
              "fail": true,
              "pending": false,
              "context": null,
              "code": "const response = await fetch(\"https://dummyjson.com/products/category-list\");\n       expect(response.status).tо.equal(200);\n const data = await response.json();",
              "err": {
                "message": "Error: Invalid Chai property: tо. Did you mean \"to\"?",
                "estack": "Error: Invalid Chai property: tо. Did you mean \"to\"?\n    at Object.proxyGetter [as get] (file:///D:/VSProjects/autoTest/QA-Automation/node_modules/chai/index.js:1650:17)\n    at Context.<anonymous> (file:///D:/VSProjects/autoTest/QA-Automation/tests/products/06_GetProductsCategoryList.test.js:9:31)\n    at process.processTicksAndRejections (node:internal/process/task_queues:95:5)",
                "diff": null
              },
              "uuid": "24e62561-2a3c-4a25-9d75-e55700a03899",
              "parentUUID": "a94b369e-fbff-464b-9078-225f7ba0cd73",
              "isHook": false,
              "skipped": false
            },
            {
              "title": "6.2 should return categories as an array with length greater than 0",
              "fullTitle": "6 Get products by category 6.2 should return categories as an array with length greater than 0",
              "timedOut": false,
              "duration": 0,
              "state": "failed",
              "speed": null,
              "pass": false,
              "fail": true,
              "pending": false,
              "context": null,
              "code": "expect(data).to.be.an('array');\nexpect(data.length).to.be.greaterThan(0);",
              "err": {
                "message": "AssertionError: expected undefined to be an array",
                "estack": "AssertionError: expected undefined to be an array\n    at Context.<anonymous> (file:///D:/VSProjects/autoTest/QA-Automation/tests/products/06_GetProductsCategoryList.test.js:13:28)\n    at process.processImmediate (node:internal/timers:483:21)",
                "diff": null
              },
              "uuid": "58a2849b-4951-4f8d-a038-e68c56756ec1",
              "parentUUID": "a94b369e-fbff-464b-9078-225f7ba0cd73",
              "isHook": false,
              "skipped": false
            },
            {
              "title": "6.3 each category should be a string",
              "fullTitle": "6 Get products by category 6.3 each category should be a string",
              "timedOut": false,
              "duration": 0,
              "state": "failed",
              "speed": null,
              "pass": false,
              "fail": true,
              "pending": false,
              "context": null,
              "code": "data.forEach(category => {\n    expect(typeof category).to.be.a('string');\n});",
              "err": {
                "message": "TypeError: Cannot read properties of undefined (reading 'forEach')",
                "estack": "TypeError: Cannot read properties of undefined (reading 'forEach')\n    at Context.<anonymous> (file:///D:/VSProjects/autoTest/QA-Automation/tests/products/06_GetProductsCategoryList.test.js:17:14)\n    at process.processImmediate (node:internal/timers:483:21)",
                "diff": null
              },
              "uuid": "6a421b08-a7e1-4887-81ac-7c0cfe5df500",
              "parentUUID": "a94b369e-fbff-464b-9078-225f7ba0cd73",
              "isHook": false,
              "skipped": false
            }
          ],
          "suites": [],
          "passes": [],
          "failures": [
            "24e62561-2a3c-4a25-9d75-e55700a03899",
            "58a2849b-4951-4f8d-a038-e68c56756ec1",
            "6a421b08-a7e1-4887-81ac-7c0cfe5df500"
          ],
          "pending": [],
          "skipped": [],
          "duration": 505,
          "root": false,
          "rootEmpty": false,
          "_timeout": 10000
        },
        {
          "uuid": "0abd371c-0b3a-4b83-b87a-43d53ca918a4",
          "title": "Users API - Create User",
          "fullFile": "D:\\VSProjects\\autoTest\\QA-Automation\\tests\\users\\01_createUser.test.js",
          "file": "\\tests\\users\\01_createUser.test.js",
          "beforeHooks": [
            {
              "title": "\"before all\" hook in \"Users API - Create User\"",
              "fullTitle": "Users API - Create User \"before all\" hook in \"Users API - Create User\"",
              "timedOut": false,
              "duration": 230,
              "state": null,
              "speed": null,
              "pass": false,
              "fail": false,
              "pending": false,
              "context": null,
              "code": "newUser = generateUser();\nres = await requestUsers\n\t.post('/add')\n\t.set('Accept', 'application/json')\n\t.send(newUser);",
              "err": {},
              "uuid": "1718894d-fc04-40fa-b9f3-2846eedbd7c6",
              "parentUUID": "0abd371c-0b3a-4b83-b87a-43d53ca918a4",
              "isHook": true,
              "skipped": false
            }
          ],
          "afterHooks": [],
          "tests": [
            {
              "title": "1.0 → Object should not be empty",
              "fullTitle": "Users API - Create User 1.0 → Object should not be empty",
              "timedOut": false,
              "duration": 0,
              "state": "passed",
              "speed": "fast",
              "pass": true,
              "fail": false,
              "pending": false,
              "context": null,
              "code": "expect(res.body).to.not.be.empty;",
              "err": {},
              "uuid": "4082b8bc-719f-4a83-8900-92bd4289003f",
              "parentUUID": "0abd371c-0b3a-4b83-b87a-43d53ca918a4",
              "isHook": false,
              "skipped": false
            },
            {
              "title": "1.1 → Status should be 201 Created",
              "fullTitle": "Users API - Create User 1.1 → Status should be 201 Created",
              "timedOut": false,
              "duration": 0,
              "state": "passed",
              "speed": "fast",
              "pass": true,
              "fail": false,
              "pending": false,
              "context": null,
              "code": "expect(res.status).to.equal(201);",
              "err": {},
              "uuid": "a42c1008-fe64-48ca-8ca7-0f2ae34c0ad7",
              "parentUUID": "0abd371c-0b3a-4b83-b87a-43d53ca918a4",
              "isHook": false,
              "skipped": false
            },
            {
              "title": "1.2 → Response body should be an object",
              "fullTitle": "Users API - Create User 1.2 → Response body should be an object",
              "timedOut": false,
              "duration": 0,
              "state": "passed",
              "speed": "fast",
              "pass": true,
              "fail": false,
              "pending": false,
              "context": null,
              "code": "expect(res.body).to.be.an('object');",
              "err": {},
              "uuid": "97a81e1c-633a-4d5b-ad7a-5e6833a05a77",
              "parentUUID": "0abd371c-0b3a-4b83-b87a-43d53ca918a4",
              "isHook": false,
              "skipped": false
            },
            {
              "title": "1.3 → Response body should match sent user data",
              "fullTitle": "Users API - Create User 1.3 → Response body should match sent user data",
              "timedOut": false,
              "duration": 1,
              "state": "failed",
              "speed": null,
              "pass": false,
              "fail": true,
              "pending": false,
              "context": null,
              "code": "expect(res.body).to.include(newUser);",
              "err": {
                "message": "AssertionError: expected { id: 209, firstName: 'Adam', …(26) } to have property 'address' of 'Taiwan', but got { address: '', city: '', …(5) }",
                "estack": "AssertionError: expected { id: 209, firstName: 'Adam', …(26) } to have property 'address' of 'Taiwan', but got { address: '', city: '', …(5) }\n    at Context.<anonymous> (file:///D:/VSProjects/autoTest/QA-Automation/tests/users/01_createUser.test.js:38:23)\n    at process.processImmediate (node:internal/timers:483:21)",
                "diff": null
              },
              "uuid": "6e1f2f11-e3ef-456e-849d-cc30ab4562a3",
              "parentUUID": "0abd371c-0b3a-4b83-b87a-43d53ca918a4",
              "isHook": false,
              "skipped": false
            },
            {
              "title": "1.4 → User ID should exist and be a positive number",
              "fullTitle": "Users API - Create User 1.4 → User ID should exist and be a positive number",
              "timedOut": false,
              "duration": 0,
              "state": "passed",
              "speed": "fast",
              "pass": true,
              "fail": false,
              "pending": false,
              "context": null,
              "code": "expect(res.body).to.have.property('id');\nexpect(isPositiveNumber(res.body.id)).to.be.true;",
              "err": {},
              "uuid": "29994eca-c294-45dc-8396-bfd2d2cb18d1",
              "parentUUID": "0abd371c-0b3a-4b83-b87a-43d53ca918a4",
              "isHook": false,
              "skipped": false
            },
            {
              "title": "1.5 → Email should be valid and a Gmail",
              "fullTitle": "Users API - Create User 1.5 → Email should be valid and a Gmail",
              "timedOut": false,
              "duration": 0,
              "state": "passed",
              "speed": "fast",
              "pass": true,
              "fail": false,
              "pending": false,
              "context": null,
              "code": "expect(isValidEmail(res.body.email)).to.be.true;\nexpect(isGmail(res.body.email)).to.be.true;",
              "err": {},
              "uuid": "e4b16846-b934-41ef-8977-141655ede22d",
              "parentUUID": "0abd371c-0b3a-4b83-b87a-43d53ca918a4",
              "isHook": false,
              "skipped": false
            },
            {
              "title": "1.6 → Name and address should be non-empty strings",
              "fullTitle": "Users API - Create User 1.6 → Name and address should be non-empty strings",
              "timedOut": false,
              "duration": 0,
              "state": "failed",
              "speed": null,
              "pass": false,
              "fail": true,
              "pending": false,
              "context": null,
              "code": "expect(isNonEmptyString(res.body.firstName)).to.be.true;\nexpect(isNonEmptyString(res.body.lastName)).to.be.true;\nexpect(isNonEmptyString(res.body.address)).to.be.true;",
              "err": {
                "message": "AssertionError: expected false to be true",
                "estack": "AssertionError: expected false to be true\n    at Context.<anonymous> (file:///D:/VSProjects/autoTest/QA-Automation/tests/users/01_createUser.test.js:54:51)\n    at process.processImmediate (node:internal/timers:483:21)",
                "diff": "- false\n+ true\n"
              },
              "uuid": "76158c72-b8dc-48d9-9aea-85edd5f8237d",
              "parentUUID": "0abd371c-0b3a-4b83-b87a-43d53ca918a4",
              "isHook": false,
              "skipped": false
            }
          ],
          "suites": [],
          "passes": [
            "4082b8bc-719f-4a83-8900-92bd4289003f",
            "a42c1008-fe64-48ca-8ca7-0f2ae34c0ad7",
            "97a81e1c-633a-4d5b-ad7a-5e6833a05a77",
            "29994eca-c294-45dc-8396-bfd2d2cb18d1",
            "e4b16846-b934-41ef-8977-141655ede22d"
          ],
          "failures": [
            "6e1f2f11-e3ef-456e-849d-cc30ab4562a3",
            "76158c72-b8dc-48d9-9aea-85edd5f8237d"
          ],
          "pending": [],
          "skipped": [],
          "duration": 1,
          "root": false,
          "rootEmpty": false,
          "_timeout": 10000
        },
        {
          "uuid": "49daae1b-4b15-4617-8752-ec437d505163",
          "title": "Users API - Update User",
          "fullFile": "D:\\VSProjects\\autoTest\\QA-Automation\\tests\\users\\03_updateUser.test.js",
          "file": "\\tests\\users\\03_updateUser.test.js",
          "beforeHooks": [
            {
              "title": "\"before all\" hook in \"Users API - Update User\"",
              "fullTitle": "Users API - Update User \"before all\" hook in \"Users API - Update User\"",
              "timedOut": false,
              "duration": 230,
              "state": null,
              "speed": null,
              "pass": false,
              "fail": false,
              "pending": false,
              "context": null,
              "code": "const newUser = generateUser();\nconst res = await requestUsers\n\t.post('/add')\n\t.set('Accept', 'application/json')\n\t.send(newUser);\nuserId = res.body.id;",
              "err": {},
              "uuid": "657d6810-e861-424a-85e0-b26d73750a85",
              "parentUUID": "49daae1b-4b15-4617-8752-ec437d505163",
              "isHook": true,
              "skipped": false
            }
          ],
          "afterHooks": [],
          "tests": [
            {
              "title": "3.1 → PUT /users/:id should update name",
              "fullTitle": "Users API - Update User 3.1 → PUT /users/:id should update name",
              "timedOut": false,
              "duration": 211,
              "state": "failed",
              "speed": null,
              "pass": false,
              "fail": true,
              "pending": false,
              "context": null,
              "code": "const res = await requestUsers\n\t.put(`/users/${userId}`)\n\t.set('Accept', 'application/json')\n\t.send({ name: updatedName });\nexpect(res.status).to.equal(200);\nexpect(res.body).to.have.property('id', userId);\nexpect(res.body).to.have.property('name', updatedName);",
              "err": {
                "message": "AssertionError: expected 404 to equal 200",
                "estack": "AssertionError: expected 404 to equal 200\n    at Context.<anonymous> (file:///D:/VSProjects/autoTest/QA-Automation/tests/users/03_updateUser.test.js:26:25)\n    at process.processTicksAndRejections (node:internal/process/task_queues:95:5)",
                "diff": "- 404\n+ 200\n"
              },
              "uuid": "ffe4a4ee-3577-409a-bb37-d992a933d3ea",
              "parentUUID": "49daae1b-4b15-4617-8752-ec437d505163",
              "isHook": false,
              "skipped": false
            }
          ],
          "suites": [],
          "passes": [],
          "failures": [
            "ffe4a4ee-3577-409a-bb37-d992a933d3ea"
          ],
          "pending": [],
          "skipped": [],
          "duration": 211,
          "root": false,
          "rootEmpty": false,
          "_timeout": 10000
        },
        {
          "uuid": "3174200b-210e-4ccb-8ad6-1f106643de65",
          "title": "Users API - Delete User",
          "fullFile": "D:\\VSProjects\\autoTest\\QA-Automation\\tests\\users\\04_deleteUser.test.js",
          "file": "\\tests\\users\\04_deleteUser.test.js",
          "beforeHooks": [
            {
              "title": "\"before all\" hook in \"Users API - Delete User\"",
              "fullTitle": "Users API - Delete User \"before all\" hook in \"Users API - Delete User\"",
              "timedOut": false,
              "duration": 233,
              "state": null,
              "speed": null,
              "pass": false,
              "fail": false,
              "pending": false,
              "context": null,
              "code": "const newUser = generateUser();\nconst res = await requestUsers\n\t.post('/add')\n\t.set('Accept', 'application/json')\n\t.send(newUser);\nuserId = res.body.id;",
              "err": {},
              "uuid": "6443e081-7e87-42c8-8d4a-344a99a9790a",
              "parentUUID": "3174200b-210e-4ccb-8ad6-1f106643de65",
              "isHook": true,
              "skipped": false
            }
          ],
          "afterHooks": [],
          "tests": [
            {
              "title": "4.1 → DELETE /users/:id should delete user",
              "fullTitle": "Users API - Delete User 4.1 → DELETE /users/:id should delete user",
              "timedOut": false,
              "duration": 202,
              "state": "failed",
              "speed": null,
              "pass": false,
              "fail": true,
              "pending": false,
              "context": null,
              "code": "const res = await requestUsers\n\t.delete(`/users/${userId}`)\n\t.set('Accept', 'application/json');\nexpect(res.status).to.equal(200);",
              "err": {
                "message": "AssertionError: expected 404 to equal 200",
                "estack": "AssertionError: expected 404 to equal 200\n    at Context.<anonymous> (file:///D:/VSProjects/autoTest/QA-Automation/tests/users/04_deleteUser.test.js:23:25)\n    at process.processTicksAndRejections (node:internal/process/task_queues:95:5)",
                "diff": "- 404\n+ 200\n"
              },
              "uuid": "0965dd5e-731d-449c-a5ff-1749d17bc070",
              "parentUUID": "3174200b-210e-4ccb-8ad6-1f106643de65",
              "isHook": false,
              "skipped": false
            },
            {
              "title": "4.2 → GET /users/:id should return 404 after delete",
              "fullTitle": "Users API - Delete User 4.2 → GET /users/:id should return 404 after delete",
              "timedOut": false,
              "duration": 202,
              "state": "passed",
              "speed": "slow",
              "pass": true,
              "fail": false,
              "pending": false,
              "context": null,
              "code": "const res = await requestUsers\n\t.get(`/users/${userId}`)\n\t.set('Accept', 'application/json');\nexpect(res.status).to.equal(404);",
              "err": {},
              "uuid": "bb6af036-2f49-4645-a854-28c7ffa5373c",
              "parentUUID": "3174200b-210e-4ccb-8ad6-1f106643de65",
              "isHook": false,
              "skipped": false
            }
          ],
          "suites": [],
          "passes": [
            "bb6af036-2f49-4645-a854-28c7ffa5373c"
          ],
          "failures": [
            "0965dd5e-731d-449c-a5ff-1749d17bc070"
          ],
          "pending": [],
          "skipped": [],
          "duration": 404,
          "root": false,
          "rootEmpty": false,
          "_timeout": 10000
        },
        {
          "uuid": "1f7edae0-2a95-4cd2-8dcc-87cc2f3840ec",
          "title": "Users API - Response Headers",
          "fullFile": "D:\\VSProjects\\autoTest\\QA-Automation\\tests\\users\\05_headers.test.js",
          "file": "\\tests\\users\\05_headers.test.js",
          "beforeHooks": [
            {
              "title": "\"before all\" hook in \"Users API - Response Headers\"",
              "fullTitle": "Users API - Response Headers \"before all\" hook in \"Users API - Response Headers\"",
              "timedOut": false,
              "duration": 259,
              "state": null,
              "speed": null,
              "pass": false,
              "fail": false,
              "pending": false,
              "context": null,
              "code": "res = await requestUsers\n\t.post('/add')\n\t.set('Accept', 'application/json')\n\t.send(newUser);",
              "err": {},
              "uuid": "8624c2ec-fdf3-4a46-93b7-b2cec58f7616",
              "parentUUID": "1f7edae0-2a95-4cd2-8dcc-87cc2f3840ec",
              "isHook": true,
              "skipped": false
            }
          ],
          "afterHooks": [],
          "tests": [
            {
              "title": "5.1 → Content-Type must be application/json",
              "fullTitle": "Users API - Response Headers 5.1 → Content-Type must be application/json",
              "timedOut": false,
              "duration": 0,
              "state": "passed",
              "speed": "fast",
              "pass": true,
              "fail": false,
              "pending": false,
              "context": null,
              "code": "expect(res.headers['content-type']).to.include('application/json');",
              "err": {},
              "uuid": "db4d7627-4527-4203-b773-b0f391d05115",
              "parentUUID": "1f7edae0-2a95-4cd2-8dcc-87cc2f3840ec",
              "isHook": false,
              "skipped": false
            },
            {
              "title": "5.2 → Server header must exist",
              "fullTitle": "Users API - Response Headers 5.2 → Server header must exist",
              "timedOut": false,
              "duration": 0,
              "state": "passed",
              "speed": "fast",
              "pass": true,
              "fail": false,
              "pending": false,
              "context": null,
              "code": "expect(res.headers).to.have.property('server');",
              "err": {},
              "uuid": "ab83a213-ce12-420c-97ed-187343a2f185",
              "parentUUID": "1f7edae0-2a95-4cd2-8dcc-87cc2f3840ec",
              "isHook": false,
              "skipped": false
            },
            {
              "title": "5.3 → Content-Length must be > 0",
              "fullTitle": "Users API - Response Headers 5.3 → Content-Length must be > 0",
              "timedOut": false,
              "duration": 0,
              "state": "passed",
              "speed": "fast",
              "pass": true,
              "fail": false,
              "pending": false,
              "context": null,
              "code": "expect(Number(res.headers['content-length'])).to.be.greaterThan(0);",
              "err": {},
              "uuid": "676c803b-32e5-4875-ae54-b8b500041fc8",
              "parentUUID": "1f7edae0-2a95-4cd2-8dcc-87cc2f3840ec",
              "isHook": false,
              "skipped": false
            },
            {
              "title": "5.4 → Date header must exist and be valid",
              "fullTitle": "Users API - Response Headers 5.4 → Date header must exist and be valid",
              "timedOut": false,
              "duration": 2,
              "state": "passed",
              "speed": "fast",
              "pass": true,
              "fail": false,
              "pending": false,
              "context": null,
              "code": "const date = new Date(res.headers['date']);\nexpect(date.toString()).not.to.equal('Invalid Date');",
              "err": {},
              "uuid": "131cff3b-bbe5-48da-80a0-b466847dedf7",
              "parentUUID": "1f7edae0-2a95-4cd2-8dcc-87cc2f3840ec",
              "isHook": false,
              "skipped": false
            },
            {
              "title": "5.5 → CORS must allow all origins",
              "fullTitle": "Users API - Response Headers 5.5 → CORS must allow all origins",
              "timedOut": false,
              "duration": 0,
              "state": "passed",
              "speed": "fast",
              "pass": true,
              "fail": false,
              "pending": false,
              "context": null,
              "code": "expect(res.headers['access-control-allow-origin']).to.equal('*');",
              "err": {},
              "uuid": "257dc5c5-9a73-4bca-9d74-550e292eae5c",
              "parentUUID": "1f7edae0-2a95-4cd2-8dcc-87cc2f3840ec",
              "isHook": false,
              "skipped": false
            },
            {
              "title": "5.6 → Security headers must exist",
              "fullTitle": "Users API - Response Headers 5.6 → Security headers must exist",
              "timedOut": false,
              "duration": 0,
              "state": "passed",
              "speed": "fast",
              "pass": true,
              "fail": false,
              "pending": false,
              "context": null,
              "code": "expect(res.headers).to.have.property('x-frame-options');\nexpect(res.headers).to.have.property('x-content-type-options');\nexpect(res.headers).to.have.property('x-xss-protection');",
              "err": {},
              "uuid": "856acfb8-741c-444e-8a24-fe1d9875dadd",
              "parentUUID": "1f7edae0-2a95-4cd2-8dcc-87cc2f3840ec",
              "isHook": false,
              "skipped": false
            }
          ],
          "suites": [],
          "passes": [
            "db4d7627-4527-4203-b773-b0f391d05115",
            "ab83a213-ce12-420c-97ed-187343a2f185",
            "676c803b-32e5-4875-ae54-b8b500041fc8",
            "131cff3b-bbe5-48da-80a0-b466847dedf7",
            "257dc5c5-9a73-4bca-9d74-550e292eae5c",
            "856acfb8-741c-444e-8a24-fe1d9875dadd"
          ],
          "failures": [],
          "pending": [],
          "skipped": [],
          "duration": 2,
          "root": false,
          "rootEmpty": false,
          "_timeout": 10000
        },
        {
          "uuid": "2f05a93b-5820-43db-90e5-78002ca8a471",
          "title": "Users API - Negative Tests",
          "fullFile": "D:\\VSProjects\\autoTest\\QA-Automation\\tests\\users\\06_negative.test.js",
          "file": "\\tests\\users\\06_negative.test.js",
          "beforeHooks": [],
          "afterHooks": [],
          "tests": [
            {
              "title": "6.1 → Should fail creating user with invalid email",
              "fullTitle": "Users API - Negative Tests 6.1 → Should fail creating user with invalid email",
              "timedOut": false,
              "duration": 242,
              "state": "failed",
              "speed": null,
              "pass": false,
              "fail": true,
              "pending": false,
              "context": null,
              "code": "const res = await requestUsers\n\t.post('/add')\n\t.set('Accept', 'application/json')\n\t.send({\n\t\tfirstName: 'Bad',\n\t\tlastName: 'Email',\n\t\tage: 25,\n\t\temail: 'bademail.com',\n\t\taddress: 'Nowhere',\n\t});\nexpect(res.status).to.be.oneOf([400, 422]);\nexpect(res.body).to.have.property('message');",
              "err": {
                "message": "AssertionError: expected 201 to be one of [ 400, 422 ]",
                "estack": "AssertionError: expected 201 to be one of [ 400, 422 ]\n    at Context.<anonymous> (file:///D:/VSProjects/autoTest/QA-Automation/tests/users/06_negative.test.js:19:28)\n    at process.processTicksAndRejections (node:internal/process/task_queues:95:5)",
                "diff": null
              },
              "uuid": "25645e64-d99a-4ad3-8f72-a8ce580504c7",
              "parentUUID": "2f05a93b-5820-43db-90e5-78002ca8a471",
              "isHook": false,
              "skipped": false
            },
            {
              "title": "6.2 → Should fail creating user with negative age",
              "fullTitle": "Users API - Negative Tests 6.2 → Should fail creating user with negative age",
              "timedOut": false,
              "duration": 244,
              "state": "failed",
              "speed": null,
              "pass": false,
              "fail": true,
              "pending": false,
              "context": null,
              "code": "const res = await requestUsers\n\t.post('/add')\n\t.set('Accept', 'application/json')\n\t.send({\n\t\tfirstName: 'Old',\n\t\tlastName: 'User',\n\t\tage: -10,\n\t\temail: `test${Date.now()}@gmail.com`,\n\t\taddress: 'Nowhere',\n\t});\nexpect(res.status).to.be.oneOf([400, 422]);\nexpect(res.body).to.have.property('message');",
              "err": {
                "message": "AssertionError: expected 201 to be one of [ 400, 422 ]",
                "estack": "AssertionError: expected 201 to be one of [ 400, 422 ]\n    at Context.<anonymous> (file:///D:/VSProjects/autoTest/QA-Automation/tests/users/06_negative.test.js:35:28)\n    at process.processTicksAndRejections (node:internal/process/task_queues:95:5)",
                "diff": null
              },
              "uuid": "994a5193-220f-4719-bac2-075232ebcd49",
              "parentUUID": "2f05a93b-5820-43db-90e5-78002ca8a471",
              "isHook": false,
              "skipped": false
            },
            {
              "title": "6.3 → Should fail creating user with empty fields",
              "fullTitle": "Users API - Negative Tests 6.3 → Should fail creating user with empty fields",
              "timedOut": false,
              "duration": 195,
              "state": "failed",
              "speed": null,
              "pass": false,
              "fail": true,
              "pending": false,
              "context": null,
              "code": "const res = await requestUsers\n\t.post('/add')\n\t.set('Accept', 'application/json')\n\t.send({});\nexpect(res.status).to.be.oneOf([400, 422]);\nexpect(res.body).to.have.property('message');",
              "err": {
                "message": "AssertionError: expected 201 to be one of [ 400, 422 ]",
                "estack": "AssertionError: expected 201 to be one of [ 400, 422 ]\n    at Context.<anonymous> (file:///D:/VSProjects/autoTest/QA-Automation/tests/users/06_negative.test.js:44:28)\n    at process.processTicksAndRejections (node:internal/process/task_queues:95:5)",
                "diff": null
              },
              "uuid": "d2bcfddc-68ef-4251-b167-2f67238e1a62",
              "parentUUID": "2f05a93b-5820-43db-90e5-78002ca8a471",
              "isHook": false,
              "skipped": false
            }
          ],
          "suites": [],
          "passes": [],
          "failures": [
            "25645e64-d99a-4ad3-8f72-a8ce580504c7",
            "994a5193-220f-4719-bac2-075232ebcd49",
            "d2bcfddc-68ef-4251-b167-2f67238e1a62"
          ],
          "pending": [],
          "skipped": [],
          "duration": 681,
          "root": false,
          "rootEmpty": false,
          "_timeout": 10000
        }
      ],
      "passes": [],
      "failures": [],
      "pending": [],
      "skipped": [],
      "duration": 0,
      "root": true,
      "rootEmpty": true,
      "_timeout": 10000
    }
  ],
  "meta": {
    "mocha": {
      "version": "11.7.5"
    },
    "mochawesome": {
      "options": {
        "quiet": false,
        "reportFilename": "mochawesome",
        "saveHtml": true,
        "saveJson": true,
        "consoleReporter": "spec",
        "useInlineDiffs": false,
        "code": true
      },
      "version": "6.2.1"
    },
    "marge": {
      "options": {
        "[object Object]": true
      },
      "version": "5.2.0"
    }
  }
}