{
  "stats": {
    "suites": 13,
    "tests": 38,
    "passes": 29,
    "pending": 0,
    "failures": 9,
    "start": "2025-11-17T14:00:10.142Z",
    "end": "2025-11-17T14:00:15.615Z",
    "duration": 5473,
    "testsRegistered": 38,
    "passPercent": 76.31578947368422,
    "pendingPercent": 0,
    "other": 0,
    "hasOther": false,
    "skipped": 0,
    "hasSkipped": false
  },
  "results": [
    {
      "uuid": "e0b14565-870f-4d80-8d63-32e0c2199c71",
      "title": "",
      "fullFile": "",
      "file": "",
      "beforeHooks": [],
      "afterHooks": [],
      "tests": [],
      "suites": [
        {
          "uuid": "1e767359-6ebd-416c-8b06-e52fc76a4247",
          "title": "LOGIN User",
          "fullFile": "D:\\Develop\\super-api-tests\\tests\\loginUser\\01_loginUser.test.js",
          "file": "\\tests\\loginUser\\01_loginUser.test.js",
          "beforeHooks": [
            {
              "title": "\"before all\" hook in \"LOGIN User\"",
              "fullTitle": "LOGIN User \"before all\" hook in \"LOGIN User\"",
              "timedOut": false,
              "duration": 598,
              "state": null,
              "speed": null,
              "pass": false,
              "fail": false,
              "pending": false,
              "context": null,
              "code": "var t = this, e = arguments; return new Promise(function (r, o) { var a = n.apply(t, e); function _next(n) { asyncGeneratorStep(a, r, o, _next, _throw, \"next\", n); } function _throw(n) { asyncGeneratorStep(a, r, o, _next, _throw, \"throw\", n); } _next(void 0); });",
              "err": {},
              "uuid": "a99ad5ce-e282-4be7-beaf-edb6b2197e90",
              "parentUUID": "1e767359-6ebd-416c-8b06-e52fc76a4247",
              "isHook": true,
              "skipped": false
            }
          ],
          "afterHooks": [],
          "tests": [
            {
              "title": "1.1 → login user -> status must be 200",
              "fullTitle": "LOGIN User 1.1 → login user -> status must be 200",
              "timedOut": false,
              "duration": 2,
              "state": "passed",
              "speed": "fast",
              "pass": true,
              "fail": false,
              "pending": false,
              "context": null,
              "code": "(0, _chai.expect)(res.status).to.equal(200);",
              "err": {},
              "uuid": "3156b423-e44d-4c75-8dc7-0b7a035d70a1",
              "parentUUID": "1e767359-6ebd-416c-8b06-e52fc76a4247",
              "isHook": false,
              "skipped": false
            },
            {
              "title": "1.2 → Response must include username and tokens",
              "fullTitle": "LOGIN User 1.2 → Response must include username and tokens",
              "timedOut": false,
              "duration": 3,
              "state": "passed",
              "speed": "fast",
              "pass": true,
              "fail": false,
              "pending": false,
              "context": null,
              "code": "(0, _chai.expect)(res.body).to.include({\n  username: 'emilys',\n  email: 'emily.johnson@x.dummyjson.com',\n  firstName: 'Emily',\n  lastName: 'Johnson',\n  gender: 'female'\n});\n(0, _chai.expect)(res.body).to.have.property('accessToken').that.is.a('string');\n(0, _chai.expect)(res.body).to.have.property('refreshToken').that.is.a('string');",
              "err": {},
              "uuid": "dd462ed4-4a3c-4bd1-8670-97d1aed81ffc",
              "parentUUID": "1e767359-6ebd-416c-8b06-e52fc76a4247",
              "isHook": false,
              "skipped": false
            }
          ],
          "suites": [],
          "passes": [
            "3156b423-e44d-4c75-8dc7-0b7a035d70a1",
            "dd462ed4-4a3c-4bd1-8670-97d1aed81ffc"
          ],
          "failures": [],
          "pending": [],
          "skipped": [],
          "duration": 5,
          "root": false,
          "rootEmpty": false,
          "_timeout": 10000
        },
        {
          "uuid": "b14e8b76-88d2-4834-8443-289c232982d7",
          "title": "Current user",
          "fullFile": "D:\\Develop\\super-api-tests\\tests\\loginUser\\02_GetCurrentUser.test.js",
          "file": "\\tests\\loginUser\\02_GetCurrentUser.test.js",
          "beforeHooks": [],
          "afterHooks": [],
          "tests": [
            {
              "title": "1.3 → Must be logged user with OWN JWT",
              "fullTitle": "Current user 1.3 → Must be logged user with OWN JWT",
              "timedOut": false,
              "duration": 254,
              "state": "failed",
              "speed": null,
              "pass": false,
              "fail": true,
              "pending": false,
              "context": null,
              "code": "var t = this, e = arguments; return new Promise(function (r, o) { var a = n.apply(t, e); function _next(n) { asyncGeneratorStep(a, r, o, _next, _throw, \"next\", n); } function _throw(n) { asyncGeneratorStep(a, r, o, _next, _throw, \"throw\", n); } _next(void 0); });",
              "err": {
                "message": "AssertionError: expected 401 to equal 200",
                "estack": "AssertionError: expected 401 to equal 200\n    at call (tests\\loginUser\\/02_GetCurrentUser.test.js:16:25)\n    at Generator._invoke (tests\\loginUser\\/02_GetCurrentUser.test.js:2:1)\n    at Generator.next (tests\\loginUser\\/02_GetCurrentUser.test.js:2:1)\n    at asyncGeneratorStep (tests\\loginUser\\/02_GetCurrentUser.test.js:2:1)\n    at _next (tests\\loginUser\\/02_GetCurrentUser.test.js:2:1)\n    at processTicksAndRejections (node:internal/process/task_queues:105:5)",
                "diff": "- 401\n+ 200\n"
              },
              "uuid": "ede87a43-8070-4e24-a371-141fcd869d36",
              "parentUUID": "b14e8b76-88d2-4834-8443-289c232982d7",
              "isHook": false,
              "skipped": false
            }
          ],
          "suites": [],
          "passes": [],
          "failures": [
            "ede87a43-8070-4e24-a371-141fcd869d36"
          ],
          "pending": [],
          "skipped": [],
          "duration": 254,
          "root": false,
          "rootEmpty": false,
          "_timeout": 10000
        },
        {
          "uuid": "99fb4823-3e5d-45cc-8ce2-1319b8f92b37",
          "title": "Delete user",
          "fullFile": "D:\\Develop\\super-api-tests\\tests\\loginUser\\03_deleteUser.test.js",
          "file": "\\tests\\loginUser\\03_deleteUser.test.js",
          "beforeHooks": [],
          "afterHooks": [],
          "tests": [
            {
              "title": "1.4 → Delete user by id",
              "fullTitle": "Delete user 1.4 → Delete user by id",
              "timedOut": false,
              "duration": 252,
              "state": "failed",
              "speed": null,
              "pass": false,
              "fail": true,
              "pending": false,
              "context": null,
              "code": "var t = this, e = arguments; return new Promise(function (r, o) { var a = n.apply(t, e); function _next(n) { asyncGeneratorStep(a, r, o, _next, _throw, \"next\", n); } function _throw(n) { asyncGeneratorStep(a, r, o, _next, _throw, \"throw\", n); } _next(void 0); });",
              "err": {
                "message": "AssertionError: expected 404 to equal 200",
                "estack": "AssertionError: expected 404 to equal 200\n    at call (tests\\loginUser\\/03_deleteUser.test.js:25:25)\n    at Generator._invoke (tests\\loginUser\\/03_deleteUser.test.js:2:1)\n    at Generator.next (tests\\loginUser\\/03_deleteUser.test.js:2:1)\n    at asyncGeneratorStep (tests\\loginUser\\/03_deleteUser.test.js:2:1)\n    at _next (tests\\loginUser\\/03_deleteUser.test.js:2:1)\n    at processTicksAndRejections (node:internal/process/task_queues:105:5)",
                "diff": "- 404\n+ 200\n"
              },
              "uuid": "78b72d60-3399-40c7-8a0c-4ffaedc6c428",
              "parentUUID": "99fb4823-3e5d-45cc-8ce2-1319b8f92b37",
              "isHook": false,
              "skipped": false
            }
          ],
          "suites": [],
          "passes": [],
          "failures": [
            "78b72d60-3399-40c7-8a0c-4ffaedc6c428"
          ],
          "pending": [],
          "skipped": [],
          "duration": 252,
          "root": false,
          "rootEmpty": false,
          "_timeout": 10000
        },
        {
          "uuid": "28272dca-61fc-4545-9d05-9a6cad5ce3d4",
          "title": "Product",
          "fullFile": "D:\\Develop\\super-api-tests\\tests\\products\\01_getOneProduct.test.js",
          "file": "\\tests\\products\\01_getOneProduct.test.js",
          "beforeHooks": [],
          "afterHooks": [],
          "tests": [
            {
              "title": "1.1 → Get product by ID (status 200)",
              "fullTitle": "Product 1.1 → Get product by ID (status 200)",
              "timedOut": false,
              "duration": 153,
              "state": "passed",
              "speed": "slow",
              "pass": true,
              "fail": false,
              "pending": false,
              "context": null,
              "code": "var t = this, e = arguments; return new Promise(function (r, o) { var a = n.apply(t, e); function _next(n) { asyncGeneratorStep(a, r, o, _next, _throw, \"next\", n); } function _throw(n) { asyncGeneratorStep(a, r, o, _next, _throw, \"throw\", n); } _next(void 0); });",
              "err": {},
              "uuid": "dc308ad3-1a97-4c94-8e86-f9689ae5a223",
              "parentUUID": "28272dca-61fc-4545-9d05-9a6cad5ce3d4",
              "isHook": false,
              "skipped": false
            },
            {
              "title": "1.2 → Response should be an object",
              "fullTitle": "Product 1.2 → Response should be an object",
              "timedOut": false,
              "duration": 1,
              "state": "passed",
              "speed": "fast",
              "pass": true,
              "fail": false,
              "pending": false,
              "context": null,
              "code": "(0, _chai.expect)(resProduct.body).to.be.an('object');\nconsole.log('Body type:', _typeof(resProduct.body));",
              "err": {},
              "uuid": "e66bfd27-9ee8-40c1-a9ae-42adb754f116",
              "parentUUID": "28272dca-61fc-4545-9d05-9a6cad5ce3d4",
              "isHook": false,
              "skipped": false
            },
            {
              "title": "1.3 → Product should have correct ID",
              "fullTitle": "Product 1.3 → Product should have correct ID",
              "timedOut": false,
              "duration": 0,
              "state": "passed",
              "speed": "fast",
              "pass": true,
              "fail": false,
              "pending": false,
              "context": null,
              "code": "(0, _chai.expect)(resProduct.body).to.have.property('id', 1);",
              "err": {},
              "uuid": "c5517db9-3232-4b19-9674-e4469978c533",
              "parentUUID": "28272dca-61fc-4545-9d05-9a6cad5ce3d4",
              "isHook": false,
              "skipped": false
            },
            {
              "title": "1.4 → Product should contain required fields",
              "fullTitle": "Product 1.4 → Product should contain required fields",
              "timedOut": false,
              "duration": 2,
              "state": "passed",
              "speed": "fast",
              "pass": true,
              "fail": false,
              "pending": false,
              "context": null,
              "code": "(0, _chai.expect)(resProduct.body).to.have.property('id').that.is.a('number');\n(0, _chai.expect)(resProduct.body).to.have.property('title').that.is.a('string');\n(0, _chai.expect)(resProduct.body).to.have.property('price').that.is.a('number');",
              "err": {},
              "uuid": "b2b7277d-356b-4819-890a-7ac93d297cb7",
              "parentUUID": "28272dca-61fc-4545-9d05-9a6cad5ce3d4",
              "isHook": false,
              "skipped": false
            }
          ],
          "suites": [],
          "passes": [
            "dc308ad3-1a97-4c94-8e86-f9689ae5a223",
            "e66bfd27-9ee8-40c1-a9ae-42adb754f116",
            "c5517db9-3232-4b19-9674-e4469978c533",
            "b2b7277d-356b-4819-890a-7ac93d297cb7"
          ],
          "failures": [],
          "pending": [],
          "skipped": [],
          "duration": 156,
          "root": false,
          "rootEmpty": false,
          "_timeout": 10000
        },
        {
          "uuid": "4f875085-12fd-4114-a7fc-728ed41df1f6",
          "title": "Product Search",
          "fullFile": "D:\\Develop\\super-api-tests\\tests\\products\\02_searchProduct.test.js",
          "file": "\\tests\\products\\02_searchProduct.test.js",
          "beforeHooks": [],
          "afterHooks": [],
          "tests": [
            {
              "title": "1.1 → Search products by keyword (status 200)",
              "fullTitle": "Product Search 1.1 → Search products by keyword (status 200)",
              "timedOut": false,
              "duration": 257,
              "state": "passed",
              "speed": "slow",
              "pass": true,
              "fail": false,
              "pending": false,
              "context": null,
              "code": "var t = this, e = arguments; return new Promise(function (r, o) { var a = n.apply(t, e); function _next(n) { asyncGeneratorStep(a, r, o, _next, _throw, \"next\", n); } function _throw(n) { asyncGeneratorStep(a, r, o, _next, _throw, \"throw\", n); } _next(void 0); });",
              "err": {},
              "uuid": "e85edfb0-86fe-45f1-8f76-03469fead860",
              "parentUUID": "4f875085-12fd-4114-a7fc-728ed41df1f6",
              "isHook": false,
              "skipped": false
            },
            {
              "title": "1.2 → Response should contain products array",
              "fullTitle": "Product Search 1.2 → Response should contain products array",
              "timedOut": false,
              "duration": 1,
              "state": "passed",
              "speed": "fast",
              "pass": true,
              "fail": false,
              "pending": false,
              "context": null,
              "code": "var t = this, e = arguments; return new Promise(function (r, o) { var a = n.apply(t, e); function _next(n) { asyncGeneratorStep(a, r, o, _next, _throw, \"next\", n); } function _throw(n) { asyncGeneratorStep(a, r, o, _next, _throw, \"throw\", n); } _next(void 0); });",
              "err": {},
              "uuid": "8036a99a-ca72-4cfe-844f-b6fb4721f33d",
              "parentUUID": "4f875085-12fd-4114-a7fc-728ed41df1f6",
              "isHook": false,
              "skipped": false
            },
            {
              "title": "1.3 → Each product title should contain more then 3 length",
              "fullTitle": "Product Search 1.3 → Each product title should contain more then 3 length",
              "timedOut": false,
              "duration": 5,
              "state": "passed",
              "speed": "fast",
              "pass": true,
              "fail": false,
              "pending": false,
              "context": null,
              "code": "//const keyword = 'phone';\nresSearch.body.products.forEach(function (product) {\n  (0, _chai.expect)(product).to.have.property('title');\n  (0, _chai.expect)(product.title).to.be.a('string');\n  (0, _chai.expect)(product.title.length).to.be.above(3);\n});",
              "err": {},
              "uuid": "86ebee4b-8fa5-404e-a883-23623aca517c",
              "parentUUID": "4f875085-12fd-4114-a7fc-728ed41df1f6",
              "isHook": false,
              "skipped": false
            },
            {
              "title": "1.4 products with index 3 title is Beats Flex Wireless Earphones",
              "fullTitle": "Product Search 1.4 products with index 3 title is Beats Flex Wireless Earphones",
              "timedOut": false,
              "duration": 0,
              "state": "passed",
              "speed": "fast",
              "pass": true,
              "fail": false,
              "pending": false,
              "context": null,
              "code": "(0, _chai.expect)(resSearch.body.products[3].title).to.equal('Beats Flex Wireless Earphones');",
              "err": {},
              "uuid": "9945a938-1f7f-4566-a538-859325325e03",
              "parentUUID": "4f875085-12fd-4114-a7fc-728ed41df1f6",
              "isHook": false,
              "skipped": false
            }
          ],
          "suites": [],
          "passes": [
            "e85edfb0-86fe-45f1-8f76-03469fead860",
            "8036a99a-ca72-4cfe-844f-b6fb4721f33d",
            "86ebee4b-8fa5-404e-a883-23623aca517c",
            "9945a938-1f7f-4566-a538-859325325e03"
          ],
          "failures": [],
          "pending": [],
          "skipped": [],
          "duration": 263,
          "root": false,
          "rootEmpty": false,
          "_timeout": 10000
        },
        {
          "uuid": "fb46e77e-0811-4ee3-af78-a9729b717216",
          "title": "Sort products",
          "fullFile": "D:\\Develop\\super-api-tests\\tests\\products\\04_sortProducts.test.js",
          "file": "\\tests\\products\\04_sortProducts.test.js",
          "beforeHooks": [],
          "afterHooks": [],
          "tests": [
            {
              "title": "1.1 → Get products sorted by price ascending (status 200)",
              "fullTitle": "Sort products 1.1 → Get products sorted by price ascending (status 200)",
              "timedOut": false,
              "duration": 242,
              "state": "passed",
              "speed": "slow",
              "pass": true,
              "fail": false,
              "pending": false,
              "context": null,
              "code": "var t = this, e = arguments; return new Promise(function (r, o) { var a = n.apply(t, e); function _next(n) { asyncGeneratorStep(a, r, o, _next, _throw, \"next\", n); } function _throw(n) { asyncGeneratorStep(a, r, o, _next, _throw, \"throw\", n); } _next(void 0); });",
              "err": {},
              "uuid": "1e07dfd0-f455-4d16-9251-7910f59530cd",
              "parentUUID": "fb46e77e-0811-4ee3-af78-a9729b717216",
              "isHook": false,
              "skipped": false
            }
          ],
          "suites": [],
          "passes": [
            "1e07dfd0-f455-4d16-9251-7910f59530cd"
          ],
          "failures": [],
          "pending": [],
          "skipped": [],
          "duration": 242,
          "root": false,
          "rootEmpty": false,
          "_timeout": 10000
        },
        {
          "uuid": "a5d8b39a-98de-4c2d-a3df-59ea675991ea",
          "title": "5 Get all products categories",
          "fullFile": "D:\\Develop\\super-api-tests\\tests\\products\\05_GetAllProductsСategories.test.js",
          "file": "\\tests\\products\\05_GetAllProductsСategories.test.js",
          "beforeHooks": [],
          "afterHooks": [],
          "tests": [
            {
              "title": "5.1 should return all product categories with status 200",
              "fullTitle": "5 Get all products categories 5.1 should return all product categories with status 200",
              "timedOut": false,
              "duration": 284,
              "state": "passed",
              "speed": "slow",
              "pass": true,
              "fail": false,
              "pending": false,
              "context": null,
              "code": "var t = this, e = arguments; return new Promise(function (r, o) { var a = n.apply(t, e); function _next(n) { asyncGeneratorStep(a, r, o, _next, _throw, \"next\", n); } function _throw(n) { asyncGeneratorStep(a, r, o, _next, _throw, \"throw\", n); } _next(void 0); });",
              "err": {},
              "uuid": "1b2f194b-a4fb-4cd7-8ee8-a999188ad45a",
              "parentUUID": "a5d8b39a-98de-4c2d-a3df-59ea675991ea",
              "isHook": false,
              "skipped": false
            },
            {
              "title": "5.2 result should be an array with length greater than 0",
              "fullTitle": "5 Get all products categories 5.2 result should be an array with length greater than 0",
              "timedOut": false,
              "duration": 260,
              "state": "passed",
              "speed": "slow",
              "pass": true,
              "fail": false,
              "pending": false,
              "context": null,
              "code": "var t = this, e = arguments; return new Promise(function (r, o) { var a = n.apply(t, e); function _next(n) { asyncGeneratorStep(a, r, o, _next, _throw, \"next\", n); } function _throw(n) { asyncGeneratorStep(a, r, o, _next, _throw, \"throw\", n); } _next(void 0); });",
              "err": {},
              "uuid": "e7622941-db63-49a9-98e6-d18bf012ffa8",
              "parentUUID": "a5d8b39a-98de-4c2d-a3df-59ea675991ea",
              "isHook": false,
              "skipped": false
            },
            {
              "title": "5.3 Array must include object with properly structure",
              "fullTitle": "5 Get all products categories 5.3 Array must include object with properly structure",
              "timedOut": false,
              "duration": 271,
              "state": "passed",
              "speed": "slow",
              "pass": true,
              "fail": false,
              "pending": false,
              "context": null,
              "code": "var t = this, e = arguments; return new Promise(function (r, o) { var a = n.apply(t, e); function _next(n) { asyncGeneratorStep(a, r, o, _next, _throw, \"next\", n); } function _throw(n) { asyncGeneratorStep(a, r, o, _next, _throw, \"throw\", n); } _next(void 0); });",
              "err": {},
              "uuid": "907d0d96-0053-4a26-a600-932796968326",
              "parentUUID": "a5d8b39a-98de-4c2d-a3df-59ea675991ea",
              "isHook": false,
              "skipped": false
            }
          ],
          "suites": [],
          "passes": [
            "1b2f194b-a4fb-4cd7-8ee8-a999188ad45a",
            "e7622941-db63-49a9-98e6-d18bf012ffa8",
            "907d0d96-0053-4a26-a600-932796968326"
          ],
          "failures": [],
          "pending": [],
          "skipped": [],
          "duration": 815,
          "root": false,
          "rootEmpty": false,
          "_timeout": 10000
        },
        {
          "uuid": "7481127f-989c-4c14-9e3e-75df36322351",
          "title": "6 Get products by category",
          "fullFile": "D:\\Develop\\super-api-tests\\tests\\products\\06_GetProductsCategoryList.test.js",
          "file": "\\tests\\products\\06_GetProductsCategoryList.test.js",
          "beforeHooks": [],
          "afterHooks": [],
          "tests": [
            {
              "title": "6.1 should return list of categories with status 200",
              "fullTitle": "6 Get products by category 6.1 should return list of categories with status 200",
              "timedOut": false,
              "duration": 303,
              "state": "passed",
              "speed": "slow",
              "pass": true,
              "fail": false,
              "pending": false,
              "context": null,
              "code": "var t = this, e = arguments; return new Promise(function (r, o) { var a = n.apply(t, e); function _next(n) { asyncGeneratorStep(a, r, o, _next, _throw, \"next\", n); } function _throw(n) { asyncGeneratorStep(a, r, o, _next, _throw, \"throw\", n); } _next(void 0); });",
              "err": {},
              "uuid": "8b03e232-6474-4f24-88a9-5ccda5d6f123",
              "parentUUID": "7481127f-989c-4c14-9e3e-75df36322351",
              "isHook": false,
              "skipped": false
            },
            {
              "title": "6.2 should return categories as an array with length greater than 0",
              "fullTitle": "6 Get products by category 6.2 should return categories as an array with length greater than 0",
              "timedOut": false,
              "duration": 0,
              "state": "passed",
              "speed": "fast",
              "pass": true,
              "fail": false,
              "pending": false,
              "context": null,
              "code": "var t = this, e = arguments; return new Promise(function (r, o) { var a = n.apply(t, e); function _next(n) { asyncGeneratorStep(a, r, o, _next, _throw, \"next\", n); } function _throw(n) { asyncGeneratorStep(a, r, o, _next, _throw, \"throw\", n); } _next(void 0); });",
              "err": {},
              "uuid": "78bd0258-acfa-44b7-87b9-80febf492751",
              "parentUUID": "7481127f-989c-4c14-9e3e-75df36322351",
              "isHook": false,
              "skipped": false
            },
            {
              "title": "6.3 each category should be a string",
              "fullTitle": "6 Get products by category 6.3 each category should be a string",
              "timedOut": false,
              "duration": 3,
              "state": "passed",
              "speed": "fast",
              "pass": true,
              "fail": false,
              "pending": false,
              "context": null,
              "code": "var t = this, e = arguments; return new Promise(function (r, o) { var a = n.apply(t, e); function _next(n) { asyncGeneratorStep(a, r, o, _next, _throw, \"next\", n); } function _throw(n) { asyncGeneratorStep(a, r, o, _next, _throw, \"throw\", n); } _next(void 0); });",
              "err": {},
              "uuid": "be16e10a-09d7-4467-a25b-120bfaa55b8b",
              "parentUUID": "7481127f-989c-4c14-9e3e-75df36322351",
              "isHook": false,
              "skipped": false
            }
          ],
          "suites": [],
          "passes": [
            "8b03e232-6474-4f24-88a9-5ccda5d6f123",
            "78bd0258-acfa-44b7-87b9-80febf492751",
            "be16e10a-09d7-4467-a25b-120bfaa55b8b"
          ],
          "failures": [],
          "pending": [],
          "skipped": [],
          "duration": 306,
          "root": false,
          "rootEmpty": false,
          "_timeout": 10000
        },
        {
          "uuid": "5492165d-d662-44dd-bcac-9dcc58d4e699",
          "title": "Users API - Create User",
          "fullFile": "D:\\Develop\\super-api-tests\\tests\\users\\01_createUser.test.js",
          "file": "\\tests\\users\\01_createUser.test.js",
          "beforeHooks": [
            {
              "title": "\"before all\" hook in \"Users API - Create User\"",
              "fullTitle": "Users API - Create User \"before all\" hook in \"Users API - Create User\"",
              "timedOut": false,
              "duration": 238,
              "state": null,
              "speed": null,
              "pass": false,
              "fail": false,
              "pending": false,
              "context": null,
              "code": "var t = this, e = arguments; return new Promise(function (r, o) { var a = n.apply(t, e); function _next(n) { asyncGeneratorStep(a, r, o, _next, _throw, \"next\", n); } function _throw(n) { asyncGeneratorStep(a, r, o, _next, _throw, \"throw\", n); } _next(void 0); });",
              "err": {},
              "uuid": "de9e7aba-ea91-427a-8270-9b244182c7b2",
              "parentUUID": "5492165d-d662-44dd-bcac-9dcc58d4e699",
              "isHook": true,
              "skipped": false
            }
          ],
          "afterHooks": [],
          "tests": [
            {
              "title": "1.0 → Object should not be empty",
              "fullTitle": "Users API - Create User 1.0 → Object should not be empty",
              "timedOut": false,
              "duration": 0,
              "state": "passed",
              "speed": "fast",
              "pass": true,
              "fail": false,
              "pending": false,
              "context": null,
              "code": "(0, _chai.expect)(res.body).to.not.be.empty;",
              "err": {},
              "uuid": "de6901d6-a4e1-4ea0-bb84-8faf7678f9ee",
              "parentUUID": "5492165d-d662-44dd-bcac-9dcc58d4e699",
              "isHook": false,
              "skipped": false
            },
            {
              "title": "1.1 → Status should be 201 Created",
              "fullTitle": "Users API - Create User 1.1 → Status should be 201 Created",
              "timedOut": false,
              "duration": 0,
              "state": "passed",
              "speed": "fast",
              "pass": true,
              "fail": false,
              "pending": false,
              "context": null,
              "code": "(0, _chai.expect)(res.status).to.equal(201);",
              "err": {},
              "uuid": "aa9d30b8-8ab3-42a6-ad67-1518dcf70abe",
              "parentUUID": "5492165d-d662-44dd-bcac-9dcc58d4e699",
              "isHook": false,
              "skipped": false
            },
            {
              "title": "1.2 → Response body should be an object",
              "fullTitle": "Users API - Create User 1.2 → Response body should be an object",
              "timedOut": false,
              "duration": 0,
              "state": "passed",
              "speed": "fast",
              "pass": true,
              "fail": false,
              "pending": false,
              "context": null,
              "code": "(0, _chai.expect)(res.body).to.be.an('object');",
              "err": {},
              "uuid": "8b6922fa-8a3e-4cf3-8678-42b58e898284",
              "parentUUID": "5492165d-d662-44dd-bcac-9dcc58d4e699",
              "isHook": false,
              "skipped": false
            },
            {
              "title": "1.3 → Response body should match sent user data",
              "fullTitle": "Users API - Create User 1.3 → Response body should match sent user data",
              "timedOut": false,
              "duration": 2,
              "state": "failed",
              "speed": null,
              "pass": false,
              "fail": true,
              "pending": false,
              "context": null,
              "code": "(0, _chai.expect)(res.body).to.include(newUser);",
              "err": {
                "message": "AssertionError: expected { id: 209, firstName: 'Adam', …(26) } to have property 'address' of 'Taiwan', but got { address: '', city: '', …(5) }",
                "estack": "AssertionError: expected { id: 209, firstName: 'Adam', …(26) } to have property 'address' of 'Taiwan', but got { address: '', city: '', …(5) }\n    at Context.<anonymous> (tests\\users\\/01_createUser.test.js:38:23)\n    at processImmediate (node:internal/timers:485:21)",
                "diff": null
              },
              "uuid": "9c738658-5b07-4425-baf3-007a4b3a1046",
              "parentUUID": "5492165d-d662-44dd-bcac-9dcc58d4e699",
              "isHook": false,
              "skipped": false
            },
            {
              "title": "1.4 → User ID should exist and be a positive number",
              "fullTitle": "Users API - Create User 1.4 → User ID should exist and be a positive number",
              "timedOut": false,
              "duration": 1,
              "state": "passed",
              "speed": "fast",
              "pass": true,
              "fail": false,
              "pending": false,
              "context": null,
              "code": "(0, _chai.expect)(res.body).to.have.property('id');\n(0, _chai.expect)((0, _validators.isPositiveNumber)(res.body.id)).to.be[\"true\"];",
              "err": {},
              "uuid": "d94ef9f8-813c-4ebe-8d31-1d74532726af",
              "parentUUID": "5492165d-d662-44dd-bcac-9dcc58d4e699",
              "isHook": false,
              "skipped": false
            },
            {
              "title": "1.5 → Email should be valid and a Gmail",
              "fullTitle": "Users API - Create User 1.5 → Email should be valid and a Gmail",
              "timedOut": false,
              "duration": 0,
              "state": "passed",
              "speed": "fast",
              "pass": true,
              "fail": false,
              "pending": false,
              "context": null,
              "code": "(0, _chai.expect)((0, _validators.isValidEmail)(res.body.email)).to.be[\"true\"];\n(0, _chai.expect)((0, _validators.isGmail)(res.body.email)).to.be[\"true\"];",
              "err": {},
              "uuid": "c17fe095-d165-4fe8-985d-aa9ba20dc0b8",
              "parentUUID": "5492165d-d662-44dd-bcac-9dcc58d4e699",
              "isHook": false,
              "skipped": false
            },
            {
              "title": "1.6 → Name and address should be non-empty strings",
              "fullTitle": "Users API - Create User 1.6 → Name and address should be non-empty strings",
              "timedOut": false,
              "duration": 1,
              "state": "failed",
              "speed": null,
              "pass": false,
              "fail": true,
              "pending": false,
              "context": null,
              "code": "(0, _chai.expect)((0, _validators.isNonEmptyString)(res.body.firstName)).to.be[\"true\"];\n(0, _chai.expect)((0, _validators.isNonEmptyString)(res.body.lastName)).to.be[\"true\"];\n(0, _chai.expect)((0, _validators.isNonEmptyString)(res.body.address)).to.be[\"true\"];",
              "err": {
                "message": "AssertionError: expected false to be true",
                "estack": "AssertionError: expected false to be true\n    at Context.<anonymous> (tests\\users\\/01_createUser.test.js:54:51)\n    at processImmediate (node:internal/timers:485:21)",
                "diff": "- false\n+ true\n"
              },
              "uuid": "afdd5645-8bd0-454c-adac-a94a57bd8fdd",
              "parentUUID": "5492165d-d662-44dd-bcac-9dcc58d4e699",
              "isHook": false,
              "skipped": false
            }
          ],
          "suites": [],
          "passes": [
            "de6901d6-a4e1-4ea0-bb84-8faf7678f9ee",
            "aa9d30b8-8ab3-42a6-ad67-1518dcf70abe",
            "8b6922fa-8a3e-4cf3-8678-42b58e898284",
            "d94ef9f8-813c-4ebe-8d31-1d74532726af",
            "c17fe095-d165-4fe8-985d-aa9ba20dc0b8"
          ],
          "failures": [
            "9c738658-5b07-4425-baf3-007a4b3a1046",
            "afdd5645-8bd0-454c-adac-a94a57bd8fdd"
          ],
          "pending": [],
          "skipped": [],
          "duration": 4,
          "root": false,
          "rootEmpty": false,
          "_timeout": 10000
        },
        {
          "uuid": "5ef10654-a91d-4d0c-aec5-0db50157f787",
          "title": "Users API - Update User",
          "fullFile": "D:\\Develop\\super-api-tests\\tests\\users\\03_updateUser.test.js",
          "file": "\\tests\\users\\03_updateUser.test.js",
          "beforeHooks": [
            {
              "title": "\"before all\" hook in \"Users API - Update User\"",
              "fullTitle": "Users API - Update User \"before all\" hook in \"Users API - Update User\"",
              "timedOut": false,
              "duration": 275,
              "state": null,
              "speed": null,
              "pass": false,
              "fail": false,
              "pending": false,
              "context": null,
              "code": "var t = this, e = arguments; return new Promise(function (r, o) { var a = n.apply(t, e); function _next(n) { asyncGeneratorStep(a, r, o, _next, _throw, \"next\", n); } function _throw(n) { asyncGeneratorStep(a, r, o, _next, _throw, \"throw\", n); } _next(void 0); });",
              "err": {},
              "uuid": "18a3827f-4465-470c-bd7b-f174bdc937d0",
              "parentUUID": "5ef10654-a91d-4d0c-aec5-0db50157f787",
              "isHook": true,
              "skipped": false
            }
          ],
          "afterHooks": [],
          "tests": [
            {
              "title": "3.1 → PUT /users/:id should update name",
              "fullTitle": "Users API - Update User 3.1 → PUT /users/:id should update name",
              "timedOut": false,
              "duration": 220,
              "state": "failed",
              "speed": null,
              "pass": false,
              "fail": true,
              "pending": false,
              "context": null,
              "code": "var t = this, e = arguments; return new Promise(function (r, o) { var a = n.apply(t, e); function _next(n) { asyncGeneratorStep(a, r, o, _next, _throw, \"next\", n); } function _throw(n) { asyncGeneratorStep(a, r, o, _next, _throw, \"throw\", n); } _next(void 0); });",
              "err": {
                "message": "AssertionError: expected 404 to equal 200",
                "estack": "AssertionError: expected 404 to equal 200\n    at call (tests\\users\\/03_updateUser.test.js:26:25)\n    at Generator._invoke (tests\\users\\/03_updateUser.test.js:2:1)\n    at Generator.next (tests\\users\\/03_updateUser.test.js:2:1)\n    at asyncGeneratorStep (tests\\users\\/03_updateUser.test.js:2:1)\n    at _next (tests\\users\\/03_updateUser.test.js:2:1)\n    at processTicksAndRejections (node:internal/process/task_queues:105:5)",
                "diff": "- 404\n+ 200\n"
              },
              "uuid": "ed5d351d-2cfd-4ab8-a212-33e069f49741",
              "parentUUID": "5ef10654-a91d-4d0c-aec5-0db50157f787",
              "isHook": false,
              "skipped": false
            }
          ],
          "suites": [],
          "passes": [],
          "failures": [
            "ed5d351d-2cfd-4ab8-a212-33e069f49741"
          ],
          "pending": [],
          "skipped": [],
          "duration": 220,
          "root": false,
          "rootEmpty": false,
          "_timeout": 10000
        },
        {
          "uuid": "737b8a68-2758-4294-b5af-0a276e2fe360",
          "title": "Users API - Delete User",
          "fullFile": "D:\\Develop\\super-api-tests\\tests\\users\\04_deleteUser.test.js",
          "file": "\\tests\\users\\04_deleteUser.test.js",
          "beforeHooks": [
            {
              "title": "\"before all\" hook in \"Users API - Delete User\"",
              "fullTitle": "Users API - Delete User \"before all\" hook in \"Users API - Delete User\"",
              "timedOut": false,
              "duration": 238,
              "state": null,
              "speed": null,
              "pass": false,
              "fail": false,
              "pending": false,
              "context": null,
              "code": "var t = this, e = arguments; return new Promise(function (r, o) { var a = n.apply(t, e); function _next(n) { asyncGeneratorStep(a, r, o, _next, _throw, \"next\", n); } function _throw(n) { asyncGeneratorStep(a, r, o, _next, _throw, \"throw\", n); } _next(void 0); });",
              "err": {},
              "uuid": "8c9c4eb9-0ae1-4d75-a077-2a50472796af",
              "parentUUID": "737b8a68-2758-4294-b5af-0a276e2fe360",
              "isHook": true,
              "skipped": false
            }
          ],
          "afterHooks": [],
          "tests": [
            {
              "title": "4.1 → DELETE /users/:id should delete user",
              "fullTitle": "Users API - Delete User 4.1 → DELETE /users/:id should delete user",
              "timedOut": false,
              "duration": 242,
              "state": "failed",
              "speed": null,
              "pass": false,
              "fail": true,
              "pending": false,
              "context": null,
              "code": "var t = this, e = arguments; return new Promise(function (r, o) { var a = n.apply(t, e); function _next(n) { asyncGeneratorStep(a, r, o, _next, _throw, \"next\", n); } function _throw(n) { asyncGeneratorStep(a, r, o, _next, _throw, \"throw\", n); } _next(void 0); });",
              "err": {
                "message": "AssertionError: expected 404 to equal 200",
                "estack": "AssertionError: expected 404 to equal 200\n    at call (tests\\users\\/04_deleteUser.test.js:23:25)\n    at Generator._invoke (tests\\users\\/04_deleteUser.test.js:2:1)\n    at Generator.next (tests\\users\\/04_deleteUser.test.js:2:1)\n    at asyncGeneratorStep (tests\\users\\/04_deleteUser.test.js:2:1)\n    at _next (tests\\users\\/04_deleteUser.test.js:2:1)\n    at processTicksAndRejections (node:internal/process/task_queues:105:5)",
                "diff": "- 404\n+ 200\n"
              },
              "uuid": "9070756d-7069-497d-9709-d812f1a90e7a",
              "parentUUID": "737b8a68-2758-4294-b5af-0a276e2fe360",
              "isHook": false,
              "skipped": false
            },
            {
              "title": "4.2 → GET /users/:id should return 404 after delete",
              "fullTitle": "Users API - Delete User 4.2 → GET /users/:id should return 404 after delete",
              "timedOut": false,
              "duration": 215,
              "state": "passed",
              "speed": "slow",
              "pass": true,
              "fail": false,
              "pending": false,
              "context": null,
              "code": "var t = this, e = arguments; return new Promise(function (r, o) { var a = n.apply(t, e); function _next(n) { asyncGeneratorStep(a, r, o, _next, _throw, \"next\", n); } function _throw(n) { asyncGeneratorStep(a, r, o, _next, _throw, \"throw\", n); } _next(void 0); });",
              "err": {},
              "uuid": "28582a23-ed18-4e11-8ec5-cc68c97cac69",
              "parentUUID": "737b8a68-2758-4294-b5af-0a276e2fe360",
              "isHook": false,
              "skipped": false
            }
          ],
          "suites": [],
          "passes": [
            "28582a23-ed18-4e11-8ec5-cc68c97cac69"
          ],
          "failures": [
            "9070756d-7069-497d-9709-d812f1a90e7a"
          ],
          "pending": [],
          "skipped": [],
          "duration": 457,
          "root": false,
          "rootEmpty": false,
          "_timeout": 10000
        },
        {
          "uuid": "337c2ab9-dcbf-48ef-8e23-dc5382de0ad3",
          "title": "Users API - Response Headers",
          "fullFile": "D:\\Develop\\super-api-tests\\tests\\users\\05_headers.test.js",
          "file": "\\tests\\users\\05_headers.test.js",
          "beforeHooks": [
            {
              "title": "\"before all\" hook in \"Users API - Response Headers\"",
              "fullTitle": "Users API - Response Headers \"before all\" hook in \"Users API - Response Headers\"",
              "timedOut": false,
              "duration": 230,
              "state": null,
              "speed": null,
              "pass": false,
              "fail": false,
              "pending": false,
              "context": null,
              "code": "var t = this, e = arguments; return new Promise(function (r, o) { var a = n.apply(t, e); function _next(n) { asyncGeneratorStep(a, r, o, _next, _throw, \"next\", n); } function _throw(n) { asyncGeneratorStep(a, r, o, _next, _throw, \"throw\", n); } _next(void 0); });",
              "err": {},
              "uuid": "5b9b7494-acb4-4e3b-b582-db3b2d430834",
              "parentUUID": "337c2ab9-dcbf-48ef-8e23-dc5382de0ad3",
              "isHook": true,
              "skipped": false
            }
          ],
          "afterHooks": [],
          "tests": [
            {
              "title": "5.1 → Content-Type must be application/json",
              "fullTitle": "Users API - Response Headers 5.1 → Content-Type must be application/json",
              "timedOut": false,
              "duration": 0,
              "state": "passed",
              "speed": "fast",
              "pass": true,
              "fail": false,
              "pending": false,
              "context": null,
              "code": "(0, _chai.expect)(res.headers['content-type']).to.include('application/json');",
              "err": {},
              "uuid": "d3c57f32-7b09-47e9-9582-fe733f93d4b3",
              "parentUUID": "337c2ab9-dcbf-48ef-8e23-dc5382de0ad3",
              "isHook": false,
              "skipped": false
            },
            {
              "title": "5.2 → Server header must exist",
              "fullTitle": "Users API - Response Headers 5.2 → Server header must exist",
              "timedOut": false,
              "duration": 0,
              "state": "passed",
              "speed": "fast",
              "pass": true,
              "fail": false,
              "pending": false,
              "context": null,
              "code": "(0, _chai.expect)(res.headers).to.have.property('server');",
              "err": {},
              "uuid": "c35a63f7-4fc2-448e-a53a-6047037d9381",
              "parentUUID": "337c2ab9-dcbf-48ef-8e23-dc5382de0ad3",
              "isHook": false,
              "skipped": false
            },
            {
              "title": "5.3 → Content-Length must be > 0",
              "fullTitle": "Users API - Response Headers 5.3 → Content-Length must be > 0",
              "timedOut": false,
              "duration": 0,
              "state": "passed",
              "speed": "fast",
              "pass": true,
              "fail": false,
              "pending": false,
              "context": null,
              "code": "(0, _chai.expect)(Number(res.headers['content-length'])).to.be.greaterThan(0);",
              "err": {},
              "uuid": "1572f6b3-2ad4-464d-9508-02c1b174e06f",
              "parentUUID": "337c2ab9-dcbf-48ef-8e23-dc5382de0ad3",
              "isHook": false,
              "skipped": false
            },
            {
              "title": "5.4 → Date header must exist and be valid",
              "fullTitle": "Users API - Response Headers 5.4 → Date header must exist and be valid",
              "timedOut": false,
              "duration": 1,
              "state": "passed",
              "speed": "fast",
              "pass": true,
              "fail": false,
              "pending": false,
              "context": null,
              "code": "var date = new Date(res.headers['date']);\n(0, _chai.expect)(date.toString()).not.to.equal('Invalid Date');",
              "err": {},
              "uuid": "7c7436a0-10d6-40ed-960b-a142a3dc9062",
              "parentUUID": "337c2ab9-dcbf-48ef-8e23-dc5382de0ad3",
              "isHook": false,
              "skipped": false
            },
            {
              "title": "5.5 → CORS must allow all origins",
              "fullTitle": "Users API - Response Headers 5.5 → CORS must allow all origins",
              "timedOut": false,
              "duration": 0,
              "state": "passed",
              "speed": "fast",
              "pass": true,
              "fail": false,
              "pending": false,
              "context": null,
              "code": "(0, _chai.expect)(res.headers['access-control-allow-origin']).to.equal('*');",
              "err": {},
              "uuid": "8ec6b45c-5140-46c9-a8a7-1ca3b2eb26ac",
              "parentUUID": "337c2ab9-dcbf-48ef-8e23-dc5382de0ad3",
              "isHook": false,
              "skipped": false
            },
            {
              "title": "5.6 → Security headers must exist",
              "fullTitle": "Users API - Response Headers 5.6 → Security headers must exist",
              "timedOut": false,
              "duration": 1,
              "state": "passed",
              "speed": "fast",
              "pass": true,
              "fail": false,
              "pending": false,
              "context": null,
              "code": "(0, _chai.expect)(res.headers).to.have.property('x-frame-options');\n(0, _chai.expect)(res.headers).to.have.property('x-content-type-options');\n(0, _chai.expect)(res.headers).to.have.property('x-xss-protection');",
              "err": {},
              "uuid": "66925006-4426-4f37-88ac-fb5e86558a96",
              "parentUUID": "337c2ab9-dcbf-48ef-8e23-dc5382de0ad3",
              "isHook": false,
              "skipped": false
            }
          ],
          "suites": [],
          "passes": [
            "d3c57f32-7b09-47e9-9582-fe733f93d4b3",
            "c35a63f7-4fc2-448e-a53a-6047037d9381",
            "1572f6b3-2ad4-464d-9508-02c1b174e06f",
            "7c7436a0-10d6-40ed-960b-a142a3dc9062",
            "8ec6b45c-5140-46c9-a8a7-1ca3b2eb26ac",
            "66925006-4426-4f37-88ac-fb5e86558a96"
          ],
          "failures": [],
          "pending": [],
          "skipped": [],
          "duration": 2,
          "root": false,
          "rootEmpty": false,
          "_timeout": 10000
        },
        {
          "uuid": "d554156c-6084-4721-bede-f91316048f59",
          "title": "Users API - Negative Tests",
          "fullFile": "D:\\Develop\\super-api-tests\\tests\\users\\06_negative.test.js",
          "file": "\\tests\\users\\06_negative.test.js",
          "beforeHooks": [],
          "afterHooks": [],
          "tests": [
            {
              "title": "6.1 → Should fail creating user with invalid email",
              "fullTitle": "Users API - Negative Tests 6.1 → Should fail creating user with invalid email",
              "timedOut": false,
              "duration": 211,
              "state": "failed",
              "speed": null,
              "pass": false,
              "fail": true,
              "pending": false,
              "context": null,
              "code": "var t = this, e = arguments; return new Promise(function (r, o) { var a = n.apply(t, e); function _next(n) { asyncGeneratorStep(a, r, o, _next, _throw, \"next\", n); } function _throw(n) { asyncGeneratorStep(a, r, o, _next, _throw, \"throw\", n); } _next(void 0); });",
              "err": {
                "message": "AssertionError: expected 201 to be one of [ 400, 422 ]",
                "estack": "AssertionError: expected 201 to be one of [ 400, 422 ]\n    at call (tests\\users\\/06_negative.test.js:19:28)\n    at Generator._invoke (tests\\users\\/06_negative.test.js:2:1)\n    at Generator.next (tests\\users\\/06_negative.test.js:2:1)\n    at asyncGeneratorStep (tests\\users\\/06_negative.test.js:2:1)\n    at _next (tests\\users\\/06_negative.test.js:2:1)\n    at processTicksAndRejections (node:internal/process/task_queues:105:5)",
                "diff": null
              },
              "uuid": "2ab5cc87-fa0c-4c78-ac0b-1543ffe40f0e",
              "parentUUID": "d554156c-6084-4721-bede-f91316048f59",
              "isHook": false,
              "skipped": false
            },
            {
              "title": "6.2 → Should fail creating user with negative age",
              "fullTitle": "Users API - Negative Tests 6.2 → Should fail creating user with negative age",
              "timedOut": false,
              "duration": 245,
              "state": "failed",
              "speed": null,
              "pass": false,
              "fail": true,
              "pending": false,
              "context": null,
              "code": "var t = this, e = arguments; return new Promise(function (r, o) { var a = n.apply(t, e); function _next(n) { asyncGeneratorStep(a, r, o, _next, _throw, \"next\", n); } function _throw(n) { asyncGeneratorStep(a, r, o, _next, _throw, \"throw\", n); } _next(void 0); });",
              "err": {
                "message": "AssertionError: expected 201 to be one of [ 400, 422 ]",
                "estack": "AssertionError: expected 201 to be one of [ 400, 422 ]\n    at call (tests\\users\\/06_negative.test.js:35:28)\n    at Generator._invoke (tests\\users\\/06_negative.test.js:2:1)\n    at Generator.next (tests\\users\\/06_negative.test.js:2:1)\n    at asyncGeneratorStep (tests\\users\\/06_negative.test.js:2:1)\n    at _next (tests\\users\\/06_negative.test.js:2:1)\n    at processTicksAndRejections (node:internal/process/task_queues:105:5)",
                "diff": null
              },
              "uuid": "97d7516a-c18a-4b84-9c8d-69b97ba45f03",
              "parentUUID": "d554156c-6084-4721-bede-f91316048f59",
              "isHook": false,
              "skipped": false
            },
            {
              "title": "6.3 → Should fail creating user with empty fields",
              "fullTitle": "Users API - Negative Tests 6.3 → Should fail creating user with empty fields",
              "timedOut": false,
              "duration": 293,
              "state": "failed",
              "speed": null,
              "pass": false,
              "fail": true,
              "pending": false,
              "context": null,
              "code": "var t = this, e = arguments; return new Promise(function (r, o) { var a = n.apply(t, e); function _next(n) { asyncGeneratorStep(a, r, o, _next, _throw, \"next\", n); } function _throw(n) { asyncGeneratorStep(a, r, o, _next, _throw, \"throw\", n); } _next(void 0); });",
              "err": {
                "message": "AssertionError: expected 201 to be one of [ 400, 422 ]",
                "estack": "AssertionError: expected 201 to be one of [ 400, 422 ]\n    at call (tests\\users\\/06_negative.test.js:44:28)\n    at Generator._invoke (tests\\users\\/06_negative.test.js:2:1)\n    at Generator.next (tests\\users\\/06_negative.test.js:2:1)\n    at asyncGeneratorStep (tests\\users\\/06_negative.test.js:2:1)\n    at _next (tests\\users\\/06_negative.test.js:2:1)\n    at processTicksAndRejections (node:internal/process/task_queues:105:5)",
                "diff": null
              },
              "uuid": "7bdcdbb1-dbdc-446e-b877-7e70d6e49bf4",
              "parentUUID": "d554156c-6084-4721-bede-f91316048f59",
              "isHook": false,
              "skipped": false
            }
          ],
          "suites": [],
          "passes": [],
          "failures": [
            "2ab5cc87-fa0c-4c78-ac0b-1543ffe40f0e",
            "97d7516a-c18a-4b84-9c8d-69b97ba45f03",
            "7bdcdbb1-dbdc-446e-b877-7e70d6e49bf4"
          ],
          "pending": [],
          "skipped": [],
          "duration": 749,
          "root": false,
          "rootEmpty": false,
          "_timeout": 10000
        }
      ],
      "passes": [],
      "failures": [],
      "pending": [],
      "skipped": [],
      "duration": 0,
      "root": true,
      "rootEmpty": true,
      "_timeout": 10000
    }
  ],
  "meta": {
    "mocha": {
      "version": "11.7.5"
    },
    "mochawesome": {
      "options": {
        "quiet": false,
        "reportFilename": "mochawesome",
        "saveHtml": true,
        "saveJson": true,
        "consoleReporter": "spec",
        "useInlineDiffs": false,
        "code": true
      },
      "version": "6.2.1"
    },
    "marge": {
      "options": {
        "[object Object]": true
      },
      "version": "5.2.0"
    }
  }
}